Removed Pin From Net: NetName=NetCH-B9_3 Pin=S-B-A1
Removed Pin From Net: NetName=NetCH-B8_2 Pin=S-B-A2
Removed Pin From Net: NetName=NetCH-B7_1 Pin=S-B-A3
Removed Pin From Net: NetName=NetCH-B7_4 Pin=S-B-A4
Removed Pin From Net: NetName=NetCH-B6_3 Pin=S-B-A5
Removed Pin From Net: NetName=NetCH-B5_2 Pin=S-B-A6
Removed Pin From Net: NetName=NetCH-B4_1 Pin=S-B-A7
Removed Pin From Net: NetName=NetCH-B4_4 Pin=S-B-A8
Removed Pin From Net: NetName=NetCH-B3_3 Pin=S-B-A9
Removed Pin From Net: NetName=NetCH-B2_2 Pin=S-B-A10
Removed Pin From Net: NetName=NetCH-B1_1 Pin=S-B-A11
Removed Pin From Net: NetName=NetCH-B1_4 Pin=S-B-A12
Removed Pin From Net: NetName=NetCH-B9_2 Pin=S-B-B1
Removed Pin From Net: NetName=NetCH-B8_1 Pin=S-B-B2
Removed Pin From Net: NetName=NetCH-B8_4 Pin=S-B-B3
Removed Pin From Net: NetName=NetCH-B7_3 Pin=S-B-B4
Removed Pin From Net: NetName=NetCH-B6_2 Pin=S-B-B5
Removed Pin From Net: NetName=NetCH-B5_1 Pin=S-B-B6
Removed Pin From Net: NetName=NetCH-B5_4 Pin=S-B-B7
Removed Pin From Net: NetName=NetCH-B4_3 Pin=S-B-B8
Removed Pin From Net: NetName=NetCH-B3_2 Pin=S-B-B9
Removed Pin From Net: NetName=NetCH-B2_1 Pin=S-B-B10
Removed Pin From Net: NetName=NetCH-B2_4 Pin=S-B-B11
Removed Pin From Net: NetName=NetCH-B1_3 Pin=S-B-B12
Removed Pin From Net: NetName=NetCH-B9_1 Pin=S-B-C1
Removed Pin From Net: NetName=NetCH-B9_4 Pin=S-B-C2
Removed Pin From Net: NetName=NetCH-B8_3 Pin=S-B-C3
Removed Pin From Net: NetName=NetCH-B7_2 Pin=S-B-C4
Removed Pin From Net: NetName=NetCH-B6_1 Pin=S-B-C5
Removed Pin From Net: NetName=NetCH-B6_4 Pin=S-B-C6
Removed Pin From Net: NetName=NetCH-B5_3 Pin=S-B-C7
Removed Pin From Net: NetName=NetCH-B4_2 Pin=S-B-C8
Removed Pin From Net: NetName=NetCH-B3_1 Pin=S-B-C9
Removed Pin From Net: NetName=NetCH-B3_4 Pin=S-B-C10
Removed Pin From Net: NetName=NetCH-B2_3 Pin=S-B-C11
Removed Pin From Net: NetName=NetCH-B1_2 Pin=S-B-C12
Removed Pin From Net: NetName=NetCH-C9_3 Pin=S-C-A1
Removed Pin From Net: NetName=NetCH-C8_2 Pin=S-C-A2
Removed Pin From Net: NetName=NetCH-C7_1 Pin=S-C-A3
Removed Pin From Net: NetName=NetCH-C7_4 Pin=S-C-A4
Removed Pin From Net: NetName=NetCH-C6_3 Pin=S-C-A5
Removed Pin From Net: NetName=NetCH-C5_2 Pin=S-C-A6
Removed Pin From Net: NetName=NetCH-C4_1 Pin=S-C-A7
Removed Pin From Net: NetName=NetCH-C4_4 Pin=S-C-A8
Removed Pin From Net: NetName=NetCH-C3_3 Pin=S-C-A9
Removed Pin From Net: NetName=NetCH-C2_2 Pin=S-C-A10
Removed Pin From Net: NetName=NetCH-C1_1 Pin=S-C-A11
Removed Pin From Net: NetName=NetCH-C1_4 Pin=S-C-A12
Removed Pin From Net: NetName=NetCH-C9_2 Pin=S-C-B1
Removed Pin From Net: NetName=NetCH-C8_1 Pin=S-C-B2
Removed Pin From Net: NetName=NetCH-C8_4 Pin=S-C-B3
Removed Pin From Net: NetName=NetCH-C7_3 Pin=S-C-B4
Removed Pin From Net: NetName=NetCH-C6_2 Pin=S-C-B5
Removed Pin From Net: NetName=NetCH-C5_1 Pin=S-C-B6
Removed Pin From Net: NetName=NetCH-C5_4 Pin=S-C-B7
Removed Pin From Net: NetName=NetCH-C4_3 Pin=S-C-B8
Removed Pin From Net: NetName=NetCH-C3_2 Pin=S-C-B9
Removed Pin From Net: NetName=NetCH-C2_1 Pin=S-C-B10
Removed Pin From Net: NetName=NetCH-C2_4 Pin=S-C-B11
Removed Pin From Net: NetName=NetCH-C1_3 Pin=S-C-B12
Removed Pin From Net: NetName=NetCH-C9_1 Pin=S-C-C1
Removed Pin From Net: NetName=NetCH-C9_4 Pin=S-C-C2
Removed Pin From Net: NetName=NetCH-C8_3 Pin=S-C-C3
Removed Pin From Net: NetName=NetCH-C7_2 Pin=S-C-C4
Removed Pin From Net: NetName=NetCH-C6_1 Pin=S-C-C5
Removed Pin From Net: NetName=NetCH-C6_4 Pin=S-C-C6
Removed Pin From Net: NetName=NetCH-C5_3 Pin=S-C-C7
Removed Pin From Net: NetName=NetCH-C4_2 Pin=S-C-C8
Removed Pin From Net: NetName=NetCH-C3_1 Pin=S-C-C9
Removed Pin From Net: NetName=NetCH-C3_4 Pin=S-C-C10
Removed Pin From Net: NetName=NetCH-C2_3 Pin=S-C-C11
Removed Pin From Net: NetName=NetCH-C1_2 Pin=S-C-C12
Removed Pin From Net: NetName=NetCH-D9_3 Pin=S-D-A1
Removed Pin From Net: NetName=NetCH-D8_2 Pin=S-D-A2
Removed Pin From Net: NetName=NetCH-D7_1 Pin=S-D-A3
Removed Pin From Net: NetName=NetCH-D7_4 Pin=S-D-A4
Removed Pin From Net: NetName=NetCH-D6_3 Pin=S-D-A5
Removed Pin From Net: NetName=NetCH-D5_2 Pin=S-D-A6
Removed Pin From Net: NetName=NetCH-D4_1 Pin=S-D-A7
Removed Pin From Net: NetName=NetCH-D4_4 Pin=S-D-A8
Removed Pin From Net: NetName=NetCH-D3_3 Pin=S-D-A9
Removed Pin From Net: NetName=NetCH-D2_2 Pin=S-D-A10
Removed Pin From Net: NetName=NetCH-D1_1 Pin=S-D-A11
Removed Pin From Net: NetName=NetCH-D1_4 Pin=S-D-A12
Removed Pin From Net: NetName=NetCH-D9_2 Pin=S-D-B1
Removed Pin From Net: NetName=NetCH-D8_1 Pin=S-D-B2
Removed Pin From Net: NetName=NetCH-D8_4 Pin=S-D-B3
Removed Pin From Net: NetName=NetCH-D7_3 Pin=S-D-B4
Removed Pin From Net: NetName=NetCH-D6_2 Pin=S-D-B5
Removed Pin From Net: NetName=NetCH-D5_1 Pin=S-D-B6
Removed Pin From Net: NetName=NetCH-D5_4 Pin=S-D-B7
Removed Pin From Net: NetName=NetCH-D4_3 Pin=S-D-B8
Removed Pin From Net: NetName=NetCH-D3_2 Pin=S-D-B9
Removed Pin From Net: NetName=NetCH-D2_1 Pin=S-D-B10
Removed Pin From Net: NetName=NetCH-D2_4 Pin=S-D-B11
Removed Pin From Net: NetName=NetCH-D1_3 Pin=S-D-B12
Removed Pin From Net: NetName=NetCH-D9_1 Pin=S-D-C1
Removed Pin From Net: NetName=NetCH-D9_4 Pin=S-D-C2
Removed Pin From Net: NetName=NetCH-D8_3 Pin=S-D-C3
Removed Pin From Net: NetName=NetCH-D7_2 Pin=S-D-C4
Removed Pin From Net: NetName=NetCH-D6_1 Pin=S-D-C5
Removed Pin From Net: NetName=NetCH-D6_4 Pin=S-D-C6
Removed Pin From Net: NetName=NetCH-D5_3 Pin=S-D-C7
Removed Pin From Net: NetName=NetCH-D4_2 Pin=S-D-C8
Removed Pin From Net: NetName=NetCH-D3_1 Pin=S-D-C9
Removed Pin From Net: NetName=NetCH-D3_4 Pin=S-D-C10
Removed Pin From Net: NetName=NetCH-D2_3 Pin=S-D-C11
Removed Pin From Net: NetName=NetCH-D1_2 Pin=S-D-C12
Removed Pin From Net: NetName=NetCH-E9_3 Pin=S-E-A1
Removed Pin From Net: NetName=NetCH-E8_2 Pin=S-E-A2
Removed Pin From Net: NetName=NetCH-E7_1 Pin=S-E-A3
Removed Pin From Net: NetName=NetCH-E7_4 Pin=S-E-A4
Removed Pin From Net: NetName=NetCH-E6_3 Pin=S-E-A5
Removed Pin From Net: NetName=NetCH-E5_2 Pin=S-E-A6
Removed Pin From Net: NetName=NetCH-E4_1 Pin=S-E-A7
Removed Pin From Net: NetName=NetCH-E4_4 Pin=S-E-A8
Removed Pin From Net: NetName=NetCH-E3_3 Pin=S-E-A9
Removed Pin From Net: NetName=NetCH-E2_2 Pin=S-E-A10
Removed Pin From Net: NetName=NetCH-E1_1 Pin=S-E-A11
Removed Pin From Net: NetName=NetCH-E1_4 Pin=S-E-A12
Removed Pin From Net: NetName=NetCH-E9_2 Pin=S-E-B1
Removed Pin From Net: NetName=NetCH-E8_1 Pin=S-E-B2
Removed Pin From Net: NetName=NetCH-E8_4 Pin=S-E-B3
Removed Pin From Net: NetName=NetCH-E7_3 Pin=S-E-B4
Removed Pin From Net: NetName=NetCH-E6_2 Pin=S-E-B5
Removed Pin From Net: NetName=NetCH-E5_1 Pin=S-E-B6
Removed Pin From Net: NetName=NetCH-E5_4 Pin=S-E-B7
Removed Pin From Net: NetName=NetCH-E4_3 Pin=S-E-B8
Removed Pin From Net: NetName=NetCH-E3_2 Pin=S-E-B9
Removed Pin From Net: NetName=NetCH-E2_1 Pin=S-E-B10
Removed Pin From Net: NetName=NetCH-E2_4 Pin=S-E-B11
Removed Pin From Net: NetName=NetCH-E1_3 Pin=S-E-B12
Removed Pin From Net: NetName=NetCH-E9_1 Pin=S-E-C1
Removed Pin From Net: NetName=NetCH-E9_4 Pin=S-E-C2
Removed Pin From Net: NetName=NetCH-E8_3 Pin=S-E-C3
Removed Pin From Net: NetName=NetCH-E7_2 Pin=S-E-C4
Removed Pin From Net: NetName=NetCH-E6_1 Pin=S-E-C5
Removed Pin From Net: NetName=NetCH-E6_4 Pin=S-E-C6
Removed Pin From Net: NetName=NetCH-E5_3 Pin=S-E-C7
Removed Pin From Net: NetName=NetCH-E4_2 Pin=S-E-C8
Removed Pin From Net: NetName=NetCH-E3_1 Pin=S-E-C9
Removed Pin From Net: NetName=NetCH-E3_4 Pin=S-E-C10
Removed Pin From Net: NetName=NetCH-E2_3 Pin=S-E-C11
Removed Pin From Net: NetName=NetCH-E1_2 Pin=S-E-C12
Removed Pin From Net: NetName=NetCH-F9_3 Pin=S-F-A1
Removed Pin From Net: NetName=NetCH-F8_2 Pin=S-F-A2
Removed Pin From Net: NetName=NetCH-F7_1 Pin=S-F-A3
Removed Pin From Net: NetName=NetCH-F7_4 Pin=S-F-A4
Removed Pin From Net: NetName=NetCH-F6_3 Pin=S-F-A5
Removed Pin From Net: NetName=NetCH-F5_2 Pin=S-F-A6
Removed Pin From Net: NetName=NetCH-F4_1 Pin=S-F-A7
Removed Pin From Net: NetName=NetCH-F4_4 Pin=S-F-A8
Removed Pin From Net: NetName=NetCH-F3_3 Pin=S-F-A9
Removed Pin From Net: NetName=NetCH-F2_2 Pin=S-F-A10
Removed Pin From Net: NetName=NetCH-F1_1 Pin=S-F-A11
Removed Pin From Net: NetName=NetCH-F1_4 Pin=S-F-A12
Removed Pin From Net: NetName=NetCH-F9_2 Pin=S-F-B1
Removed Pin From Net: NetName=NetCH-F8_1 Pin=S-F-B2
Removed Pin From Net: NetName=NetCH-F8_4 Pin=S-F-B3
Removed Pin From Net: NetName=NetCH-F7_3 Pin=S-F-B4
Removed Pin From Net: NetName=NetCH-F6_2 Pin=S-F-B5
Removed Pin From Net: NetName=NetCH-F5_1 Pin=S-F-B6
Removed Pin From Net: NetName=NetCH-F5_4 Pin=S-F-B7
Removed Pin From Net: NetName=NetCH-F4_3 Pin=S-F-B8
Removed Pin From Net: NetName=NetCH-F3_2 Pin=S-F-B9
Removed Pin From Net: NetName=NetCH-F2_1 Pin=S-F-B10
Removed Pin From Net: NetName=NetCH-F2_4 Pin=S-F-B11
Removed Pin From Net: NetName=NetCH-F1_3 Pin=S-F-B12
Removed Pin From Net: NetName=NetCH-F9_1 Pin=S-F-C1
Removed Pin From Net: NetName=NetCH-F9_4 Pin=S-F-C2
Removed Pin From Net: NetName=NetCH-F8_3 Pin=S-F-C3
Removed Pin From Net: NetName=NetCH-F7_2 Pin=S-F-C4
Removed Pin From Net: NetName=NetCH-F6_1 Pin=S-F-C5
Removed Pin From Net: NetName=NetCH-F6_4 Pin=S-F-C6
Removed Pin From Net: NetName=NetCH-F5_3 Pin=S-F-C7
Removed Pin From Net: NetName=NetCH-F4_2 Pin=S-F-C8
Removed Pin From Net: NetName=NetCH-F3_1 Pin=S-F-C9
Removed Pin From Net: NetName=NetCH-F3_4 Pin=S-F-C10
Removed Pin From Net: NetName=NetCH-F2_3 Pin=S-F-C11
Removed Pin From Net: NetName=NetCH-F1_2 Pin=S-F-C12
Removed Pin From Net: NetName=NetCH-G9_3 Pin=S-G-A1
Removed Pin From Net: NetName=NetCH-G8_2 Pin=S-G-A2
Removed Pin From Net: NetName=NetCH-G7_1 Pin=S-G-A3
Removed Pin From Net: NetName=NetCH-G7_4 Pin=S-G-A4
Removed Pin From Net: NetName=NetCH-G6_3 Pin=S-G-A5
Removed Pin From Net: NetName=NetCH-G5_2 Pin=S-G-A6
Removed Pin From Net: NetName=NetCH-G4_1 Pin=S-G-A7
Removed Pin From Net: NetName=NetCH-G4_4 Pin=S-G-A8
Removed Pin From Net: NetName=NetCH-G3_3 Pin=S-G-A9
Removed Pin From Net: NetName=NetCH-G2_2 Pin=S-G-A10
Removed Pin From Net: NetName=NetCH-G1_1 Pin=S-G-A11
Removed Pin From Net: NetName=NetCH-G1_4 Pin=S-G-A12
Removed Pin From Net: NetName=NetCH-G9_2 Pin=S-G-B1
Removed Pin From Net: NetName=NetCH-G8_1 Pin=S-G-B2
Removed Pin From Net: NetName=NetCH-G8_4 Pin=S-G-B3
Removed Pin From Net: NetName=NetCH-G7_3 Pin=S-G-B4
Removed Pin From Net: NetName=NetCH-G6_2 Pin=S-G-B5
Removed Pin From Net: NetName=NetCH-G5_1 Pin=S-G-B6
Removed Pin From Net: NetName=NetCH-G5_4 Pin=S-G-B7
Removed Pin From Net: NetName=NetCH-G4_3 Pin=S-G-B8
Removed Pin From Net: NetName=NetCH-G3_2 Pin=S-G-B9
Removed Pin From Net: NetName=NetCH-G2_1 Pin=S-G-B10
Removed Pin From Net: NetName=NetCH-G2_4 Pin=S-G-B11
Removed Pin From Net: NetName=NetCH-G1_3 Pin=S-G-B12
Removed Pin From Net: NetName=NetCH-G9_1 Pin=S-G-C1
Removed Pin From Net: NetName=NetCH-G9_4 Pin=S-G-C2
Removed Pin From Net: NetName=NetCH-G8_3 Pin=S-G-C3
Removed Pin From Net: NetName=NetCH-G7_2 Pin=S-G-C4
Removed Pin From Net: NetName=NetCH-G6_1 Pin=S-G-C5
Removed Pin From Net: NetName=NetCH-G6_4 Pin=S-G-C6
Removed Pin From Net: NetName=NetCH-G5_3 Pin=S-G-C7
Removed Pin From Net: NetName=NetCH-G4_2 Pin=S-G-C8
Removed Pin From Net: NetName=NetCH-G3_1 Pin=S-G-C9
Removed Pin From Net: NetName=NetCH-G3_4 Pin=S-G-C10
Removed Pin From Net: NetName=NetCH-G2_3 Pin=S-G-C11
Removed Pin From Net: NetName=NetCH-G1_2 Pin=S-G-C12
Removed Pin From Net: NetName=NetCH-H9_3 Pin=S-H-A1
Removed Pin From Net: NetName=NetCH-H8_2 Pin=S-H-A2
Removed Pin From Net: NetName=NetCH-H7_1 Pin=S-H-A3
Removed Pin From Net: NetName=NetCH-H7_4 Pin=S-H-A4
Removed Pin From Net: NetName=NetCH-H6_3 Pin=S-H-A5
Removed Pin From Net: NetName=NetCH-H5_2 Pin=S-H-A6
Removed Pin From Net: NetName=NetCH-H4_1 Pin=S-H-A7
Removed Pin From Net: NetName=NetCH-H4_4 Pin=S-H-A8
Removed Pin From Net: NetName=NetCH-H3_3 Pin=S-H-A9
Removed Pin From Net: NetName=NetCH-H2_2 Pin=S-H-A10
Removed Pin From Net: NetName=NetCH-H1_1 Pin=S-H-A11
Removed Pin From Net: NetName=NetCH-H1_4 Pin=S-H-A12
Removed Pin From Net: NetName=NetCH-H9_2 Pin=S-H-B1
Removed Pin From Net: NetName=NetCH-H8_1 Pin=S-H-B2
Removed Pin From Net: NetName=NetCH-H8_4 Pin=S-H-B3
Removed Pin From Net: NetName=NetCH-H7_3 Pin=S-H-B4
Removed Pin From Net: NetName=NetCH-H6_2 Pin=S-H-B5
Removed Pin From Net: NetName=NetCH-H5_1 Pin=S-H-B6
Removed Pin From Net: NetName=NetCH-H5_4 Pin=S-H-B7
Removed Pin From Net: NetName=NetCH-H4_3 Pin=S-H-B8
Removed Pin From Net: NetName=NetCH-H3_2 Pin=S-H-B9
Removed Pin From Net: NetName=NetCH-H2_1 Pin=S-H-B10
Removed Pin From Net: NetName=NetCH-H2_4 Pin=S-H-B11
Removed Pin From Net: NetName=NetCH-H1_3 Pin=S-H-B12
Removed Pin From Net: NetName=NetCH-H9_1 Pin=S-H-C1
Removed Pin From Net: NetName=NetCH-H9_4 Pin=S-H-C2
Removed Pin From Net: NetName=NetCH-H8_3 Pin=S-H-C3
Removed Pin From Net: NetName=NetCH-H7_2 Pin=S-H-C4
Removed Pin From Net: NetName=NetCH-H6_1 Pin=S-H-C5
Removed Pin From Net: NetName=NetCH-H6_4 Pin=S-H-C6
Removed Pin From Net: NetName=NetCH-H5_3 Pin=S-H-C7
Removed Pin From Net: NetName=NetCH-H4_2 Pin=S-H-C8
Removed Pin From Net: NetName=NetCH-H3_1 Pin=S-H-C9
Removed Pin From Net: NetName=NetCH-H3_4 Pin=S-H-C10
Removed Pin From Net: NetName=NetCH-H2_3 Pin=S-H-C11
Removed Pin From Net: NetName=NetCH-H1_2 Pin=S-H-C12
Removed Pin From Net: NetName=NetCH-I9_3 Pin=S-I-A1
Removed Pin From Net: NetName=NetCH-I8_2 Pin=S-I-A2
Removed Pin From Net: NetName=NetCH-I7_1 Pin=S-I-A3
Removed Pin From Net: NetName=NetCH-I7_4 Pin=S-I-A4
Removed Pin From Net: NetName=NetCH-I6_3 Pin=S-I-A5
Removed Pin From Net: NetName=NetCH-I5_2 Pin=S-I-A6
Removed Pin From Net: NetName=NetCH-I4_1 Pin=S-I-A7
Removed Pin From Net: NetName=NetCH-I4_4 Pin=S-I-A8
Removed Pin From Net: NetName=NetCH-I3_3 Pin=S-I-A9
Removed Pin From Net: NetName=NetCH-I2_2 Pin=S-I-A10
Removed Pin From Net: NetName=NetCH-I1_1 Pin=S-I-A11
Removed Pin From Net: NetName=NetCH-I1_4 Pin=S-I-A12
Removed Pin From Net: NetName=NetCH-I9_2 Pin=S-I-B1
Removed Pin From Net: NetName=NetCH-I8_1 Pin=S-I-B2
Removed Pin From Net: NetName=NetCH-I8_4 Pin=S-I-B3
Removed Pin From Net: NetName=NetCH-I7_3 Pin=S-I-B4
Removed Pin From Net: NetName=NetCH-I6_2 Pin=S-I-B5
Removed Pin From Net: NetName=NetCH-I5_1 Pin=S-I-B6
Removed Pin From Net: NetName=NetCH-I5_4 Pin=S-I-B7
Removed Pin From Net: NetName=NetCH-I4_3 Pin=S-I-B8
Removed Pin From Net: NetName=NetCH-I3_2 Pin=S-I-B9
Removed Pin From Net: NetName=NetCH-I2_1 Pin=S-I-B10
Removed Pin From Net: NetName=NetCH-I2_4 Pin=S-I-B11
Removed Pin From Net: NetName=NetCH-I1_3 Pin=S-I-B12
Removed Pin From Net: NetName=NetCH-I9_1 Pin=S-I-C1
Removed Pin From Net: NetName=NetCH-I9_4 Pin=S-I-C2
Removed Pin From Net: NetName=NetCH-I8_3 Pin=S-I-C3
Removed Pin From Net: NetName=NetCH-I7_2 Pin=S-I-C4
Removed Pin From Net: NetName=NetCH-I6_1 Pin=S-I-C5
Removed Pin From Net: NetName=NetCH-I6_4 Pin=S-I-C6
Removed Pin From Net: NetName=NetCH-I5_3 Pin=S-I-C7
Removed Pin From Net: NetName=NetCH-I4_2 Pin=S-I-C8
Removed Pin From Net: NetName=NetCH-I3_1 Pin=S-I-C9
Removed Pin From Net: NetName=NetCH-I3_4 Pin=S-I-C10
Removed Pin From Net: NetName=NetCH-I2_3 Pin=S-I-C11
Removed Pin From Net: NetName=NetCH-I1_2 Pin=S-I-C12
Removed Pin From Net: NetName=NetCH-J9_3 Pin=S-J-A1
Removed Pin From Net: NetName=NetCH-J8_2 Pin=S-J-A2
Removed Pin From Net: NetName=NetCH-J7_1 Pin=S-J-A3
Removed Pin From Net: NetName=NetCH-J7_4 Pin=S-J-A4
Removed Pin From Net: NetName=NetCH-J6_3 Pin=S-J-A5
Removed Pin From Net: NetName=NetCH-J5_2 Pin=S-J-A6
Removed Pin From Net: NetName=NetCH-J4_1 Pin=S-J-A7
Removed Pin From Net: NetName=NetCH-J4_4 Pin=S-J-A8
Removed Pin From Net: NetName=NetCH-J3_3 Pin=S-J-A9
Removed Pin From Net: NetName=NetCH-J2_2 Pin=S-J-A10
Removed Pin From Net: NetName=NetCH-J1_1 Pin=S-J-A11
Removed Pin From Net: NetName=NetCH-J1_4 Pin=S-J-A12
Removed Pin From Net: NetName=NetCH-J9_2 Pin=S-J-B1
Removed Pin From Net: NetName=NetCH-J8_1 Pin=S-J-B2
Removed Pin From Net: NetName=NetCH-J8_4 Pin=S-J-B3
Removed Pin From Net: NetName=NetCH-J7_3 Pin=S-J-B4
Removed Pin From Net: NetName=NetCH-J6_2 Pin=S-J-B5
Removed Pin From Net: NetName=NetCH-J5_1 Pin=S-J-B6
Removed Pin From Net: NetName=NetCH-J5_4 Pin=S-J-B7
Removed Pin From Net: NetName=NetCH-J4_3 Pin=S-J-B8
Removed Pin From Net: NetName=NetCH-J3_2 Pin=S-J-B9
Removed Pin From Net: NetName=NetCH-J2_1 Pin=S-J-B10
Removed Pin From Net: NetName=NetCH-J2_4 Pin=S-J-B11
Removed Pin From Net: NetName=NetCH-J1_3 Pin=S-J-B12
Removed Pin From Net: NetName=NetCH-J9_1 Pin=S-J-C1
Removed Pin From Net: NetName=NetCH-J9_4 Pin=S-J-C2
Removed Pin From Net: NetName=NetCH-J8_3 Pin=S-J-C3
Removed Pin From Net: NetName=NetCH-J7_2 Pin=S-J-C4
Removed Pin From Net: NetName=NetCH-J6_1 Pin=S-J-C5
Removed Pin From Net: NetName=NetCH-J6_4 Pin=S-J-C6
Removed Pin From Net: NetName=NetCH-J5_3 Pin=S-J-C7
Removed Pin From Net: NetName=NetCH-J4_2 Pin=S-J-C8
Removed Pin From Net: NetName=NetCH-J3_1 Pin=S-J-C9
Removed Pin From Net: NetName=NetCH-J3_4 Pin=S-J-C10
Removed Pin From Net: NetName=NetCH-J2_3 Pin=S-J-C11
Removed Pin From Net: NetName=NetCH-J1_2 Pin=S-J-C12
Change Component DesignItemId : Designator=S-B Old DesignItemId=CMP-dgd04bf3j3drhl5uyyz7-26 New DesignItemId=CMP-dgd04bf3j3drhl5uyyz7-27
Change Component DesignItemId : Designator=S-C Old DesignItemId=CMP-dgd04bf3j3drhl5uyyz7-26 New DesignItemId=CMP-dgd04bf3j3drhl5uyyz7-27
Change Component DesignItemId : Designator=S-D Old DesignItemId=CMP-dgd04bf3j3drhl5uyyz7-26 New DesignItemId=CMP-dgd04bf3j3drhl5uyyz7-27
Change Component DesignItemId : Designator=S-E Old DesignItemId=CMP-dgd04bf3j3drhl5uyyz7-26 New DesignItemId=CMP-dgd04bf3j3drhl5uyyz7-27
Change Component DesignItemId : Designator=S-F Old DesignItemId=CMP-dgd04bf3j3drhl5uyyz7-26 New DesignItemId=CMP-dgd04bf3j3drhl5uyyz7-27
Change Component DesignItemId : Designator=S-G Old DesignItemId=CMP-dgd04bf3j3drhl5uyyz7-26 New DesignItemId=CMP-dgd04bf3j3drhl5uyyz7-27
Change Component DesignItemId : Designator=S-H Old DesignItemId=CMP-dgd04bf3j3drhl5uyyz7-26 New DesignItemId=CMP-dgd04bf3j3drhl5uyyz7-27
Change Component DesignItemId : Designator=S-I Old DesignItemId=CMP-dgd04bf3j3drhl5uyyz7-26 New DesignItemId=CMP-dgd04bf3j3drhl5uyyz7-27
Change Component DesignItemId : Designator=S-J Old DesignItemId=CMP-dgd04bf3j3drhl5uyyz7-26 New DesignItemId=CMP-dgd04bf3j3drhl5uyyz7-27
Added Pin To Net: NetName=NetCH-B7_4 Pin=S-B-A1
Added Pin To Net: NetName=NetCH-B7_3 Pin=S-B-A2
Added Pin To Net: NetName=NetCH-B7_2 Pin=S-B-A3
Added Pin To Net: NetName=NetCH-B7_1 Pin=S-B-A4
Added Pin To Net: NetName=NetCH-B4_4 Pin=S-B-A5
Added Pin To Net: NetName=NetCH-B4_3 Pin=S-B-A6
Added Pin To Net: NetName=NetCH-B4_2 Pin=S-B-A7
Added Pin To Net: NetName=NetCH-B4_1 Pin=S-B-A8
Added Pin To Net: NetName=NetCH-B1_4 Pin=S-B-A9
Added Pin To Net: NetName=NetCH-B1_3 Pin=S-B-A10
Added Pin To Net: NetName=NetCH-B1_2 Pin=S-B-A11
Added Pin To Net: NetName=NetCH-B1_1 Pin=S-B-A12
Added Pin To Net: NetName=NetCH-B8_4 Pin=S-B-B1
Added Pin To Net: NetName=NetCH-B8_3 Pin=S-B-B2
Added Pin To Net: NetName=NetCH-B8_2 Pin=S-B-B3
Added Pin To Net: NetName=NetCH-B8_1 Pin=S-B-B4
Added Pin To Net: NetName=NetCH-B5_4 Pin=S-B-B5
Added Pin To Net: NetName=NetCH-B5_3 Pin=S-B-B6
Added Pin To Net: NetName=NetCH-B5_2 Pin=S-B-B7
Added Pin To Net: NetName=NetCH-B5_1 Pin=S-B-B8
Added Pin To Net: NetName=NetCH-B2_4 Pin=S-B-B9
Added Pin To Net: NetName=NetCH-B2_3 Pin=S-B-B10
Added Pin To Net: NetName=NetCH-B2_2 Pin=S-B-B11
Added Pin To Net: NetName=NetCH-B2_1 Pin=S-B-B12
Added Pin To Net: NetName=NetCH-B9_4 Pin=S-B-C1
Added Pin To Net: NetName=NetCH-B9_3 Pin=S-B-C2
Added Pin To Net: NetName=NetCH-B9_2 Pin=S-B-C3
Added Pin To Net: NetName=NetCH-B9_1 Pin=S-B-C4
Added Pin To Net: NetName=NetCH-B6_4 Pin=S-B-C5
Added Pin To Net: NetName=NetCH-B6_3 Pin=S-B-C6
Added Pin To Net: NetName=NetCH-B6_2 Pin=S-B-C7
Added Pin To Net: NetName=NetCH-B6_1 Pin=S-B-C8
Added Pin To Net: NetName=NetCH-B3_4 Pin=S-B-C9
Added Pin To Net: NetName=NetCH-B3_3 Pin=S-B-C10
Added Pin To Net: NetName=NetCH-B3_2 Pin=S-B-C11
Added Pin To Net: NetName=NetCH-B3_1 Pin=S-B-C12
Added Pin To Net: NetName=NetCH-C7_4 Pin=S-C-A1
Added Pin To Net: NetName=NetCH-C7_3 Pin=S-C-A2
Added Pin To Net: NetName=NetCH-C7_2 Pin=S-C-A3
Added Pin To Net: NetName=NetCH-C7_1 Pin=S-C-A4
Added Pin To Net: NetName=NetCH-C4_4 Pin=S-C-A5
Added Pin To Net: NetName=NetCH-C4_3 Pin=S-C-A6
Added Pin To Net: NetName=NetCH-C4_2 Pin=S-C-A7
Added Pin To Net: NetName=NetCH-C4_1 Pin=S-C-A8
Added Pin To Net: NetName=NetCH-C1_4 Pin=S-C-A9
Added Pin To Net: NetName=NetCH-C1_3 Pin=S-C-A10
Added Pin To Net: NetName=NetCH-C1_2 Pin=S-C-A11
Added Pin To Net: NetName=NetCH-C1_1 Pin=S-C-A12
Added Pin To Net: NetName=NetCH-C8_4 Pin=S-C-B1
Added Pin To Net: NetName=NetCH-C8_3 Pin=S-C-B2
Added Pin To Net: NetName=NetCH-C8_2 Pin=S-C-B3
Added Pin To Net: NetName=NetCH-C8_1 Pin=S-C-B4
Added Pin To Net: NetName=NetCH-C5_4 Pin=S-C-B5
Added Pin To Net: NetName=NetCH-C5_3 Pin=S-C-B6
Added Pin To Net: NetName=NetCH-C5_2 Pin=S-C-B7
Added Pin To Net: NetName=NetCH-C5_1 Pin=S-C-B8
Added Pin To Net: NetName=NetCH-C2_4 Pin=S-C-B9
Added Pin To Net: NetName=NetCH-C2_3 Pin=S-C-B10
Added Pin To Net: NetName=NetCH-C2_2 Pin=S-C-B11
Added Pin To Net: NetName=NetCH-C2_1 Pin=S-C-B12
Added Pin To Net: NetName=NetCH-C9_4 Pin=S-C-C1
Added Pin To Net: NetName=NetCH-C9_3 Pin=S-C-C2
Added Pin To Net: NetName=NetCH-C9_2 Pin=S-C-C3
Added Pin To Net: NetName=NetCH-C9_1 Pin=S-C-C4
Added Pin To Net: NetName=NetCH-C6_4 Pin=S-C-C5
Added Pin To Net: NetName=NetCH-C6_3 Pin=S-C-C6
Added Pin To Net: NetName=NetCH-C6_2 Pin=S-C-C7
Added Pin To Net: NetName=NetCH-C6_1 Pin=S-C-C8
Added Pin To Net: NetName=NetCH-C3_4 Pin=S-C-C9
Added Pin To Net: NetName=NetCH-C3_3 Pin=S-C-C10
Added Pin To Net: NetName=NetCH-C3_2 Pin=S-C-C11
Added Pin To Net: NetName=NetCH-C3_1 Pin=S-C-C12
Added Pin To Net: NetName=NetCH-D7_4 Pin=S-D-A1
Added Pin To Net: NetName=NetCH-D7_3 Pin=S-D-A2
Added Pin To Net: NetName=NetCH-D7_2 Pin=S-D-A3
Added Pin To Net: NetName=NetCH-D7_1 Pin=S-D-A4
Added Pin To Net: NetName=NetCH-D4_4 Pin=S-D-A5
Added Pin To Net: NetName=NetCH-D4_3 Pin=S-D-A6
Added Pin To Net: NetName=NetCH-D4_2 Pin=S-D-A7
Added Pin To Net: NetName=NetCH-D4_1 Pin=S-D-A8
Added Pin To Net: NetName=NetCH-D1_4 Pin=S-D-A9
Added Pin To Net: NetName=NetCH-D1_3 Pin=S-D-A10
Added Pin To Net: NetName=NetCH-D1_2 Pin=S-D-A11
Added Pin To Net: NetName=NetCH-D1_1 Pin=S-D-A12
Added Pin To Net: NetName=NetCH-D8_4 Pin=S-D-B1
Added Pin To Net: NetName=NetCH-D8_3 Pin=S-D-B2
Added Pin To Net: NetName=NetCH-D8_2 Pin=S-D-B3
Added Pin To Net: NetName=NetCH-D8_1 Pin=S-D-B4
Added Pin To Net: NetName=NetCH-D5_4 Pin=S-D-B5
Added Pin To Net: NetName=NetCH-D5_3 Pin=S-D-B6
Added Pin To Net: NetName=NetCH-D5_2 Pin=S-D-B7
Added Pin To Net: NetName=NetCH-D5_1 Pin=S-D-B8
Added Pin To Net: NetName=NetCH-D2_4 Pin=S-D-B9
Added Pin To Net: NetName=NetCH-D2_3 Pin=S-D-B10
Added Pin To Net: NetName=NetCH-D2_2 Pin=S-D-B11
Added Pin To Net: NetName=NetCH-D2_1 Pin=S-D-B12
Added Pin To Net: NetName=NetCH-D9_4 Pin=S-D-C1
Added Pin To Net: NetName=NetCH-D9_3 Pin=S-D-C2
Added Pin To Net: NetName=NetCH-D9_2 Pin=S-D-C3
Added Pin To Net: NetName=NetCH-D9_1 Pin=S-D-C4
Added Pin To Net: NetName=NetCH-D6_4 Pin=S-D-C5
Added Pin To Net: NetName=NetCH-D6_3 Pin=S-D-C6
Added Pin To Net: NetName=NetCH-D6_2 Pin=S-D-C7
Added Pin To Net: NetName=NetCH-D6_1 Pin=S-D-C8
Added Pin To Net: NetName=NetCH-D3_4 Pin=S-D-C9
Added Pin To Net: NetName=NetCH-D3_3 Pin=S-D-C10
Added Pin To Net: NetName=NetCH-D3_2 Pin=S-D-C11
Added Pin To Net: NetName=NetCH-D3_1 Pin=S-D-C12
Added Pin To Net: NetName=NetCH-E7_4 Pin=S-E-A1
Added Pin To Net: NetName=NetCH-E7_3 Pin=S-E-A2
Added Pin To Net: NetName=NetCH-E7_2 Pin=S-E-A3
Added Pin To Net: NetName=NetCH-E7_1 Pin=S-E-A4
Added Pin To Net: NetName=NetCH-E4_4 Pin=S-E-A5
Added Pin To Net: NetName=NetCH-E4_3 Pin=S-E-A6
Added Pin To Net: NetName=NetCH-E4_2 Pin=S-E-A7
Added Pin To Net: NetName=NetCH-E4_1 Pin=S-E-A8
Added Pin To Net: NetName=NetCH-E1_4 Pin=S-E-A9
Added Pin To Net: NetName=NetCH-E1_3 Pin=S-E-A10
Added Pin To Net: NetName=NetCH-E1_2 Pin=S-E-A11
Added Pin To Net: NetName=NetCH-E1_1 Pin=S-E-A12
Added Pin To Net: NetName=NetCH-E8_4 Pin=S-E-B1
Added Pin To Net: NetName=NetCH-E8_3 Pin=S-E-B2
Added Pin To Net: NetName=NetCH-E8_2 Pin=S-E-B3
Added Pin To Net: NetName=NetCH-E8_1 Pin=S-E-B4
Added Pin To Net: NetName=NetCH-E5_4 Pin=S-E-B5
Added Pin To Net: NetName=NetCH-E5_3 Pin=S-E-B6
Added Pin To Net: NetName=NetCH-E5_2 Pin=S-E-B7
Added Pin To Net: NetName=NetCH-E5_1 Pin=S-E-B8
Added Pin To Net: NetName=NetCH-E2_4 Pin=S-E-B9
Added Pin To Net: NetName=NetCH-E2_3 Pin=S-E-B10
Added Pin To Net: NetName=NetCH-E2_2 Pin=S-E-B11
Added Pin To Net: NetName=NetCH-E2_1 Pin=S-E-B12
Added Pin To Net: NetName=NetCH-E9_4 Pin=S-E-C1
Added Pin To Net: NetName=NetCH-E9_3 Pin=S-E-C2
Added Pin To Net: NetName=NetCH-E9_2 Pin=S-E-C3
Added Pin To Net: NetName=NetCH-E9_1 Pin=S-E-C4
Added Pin To Net: NetName=NetCH-E6_4 Pin=S-E-C5
Added Pin To Net: NetName=NetCH-E6_3 Pin=S-E-C6
Added Pin To Net: NetName=NetCH-E6_2 Pin=S-E-C7
Added Pin To Net: NetName=NetCH-E6_1 Pin=S-E-C8
Added Pin To Net: NetName=NetCH-E3_4 Pin=S-E-C9
Added Pin To Net: NetName=NetCH-E3_3 Pin=S-E-C10
Added Pin To Net: NetName=NetCH-E3_2 Pin=S-E-C11
Added Pin To Net: NetName=NetCH-E3_1 Pin=S-E-C12
Added Pin To Net: NetName=NetCH-F7_4 Pin=S-F-A1
Added Pin To Net: NetName=NetCH-F7_3 Pin=S-F-A2
Added Pin To Net: NetName=NetCH-F7_2 Pin=S-F-A3
Added Pin To Net: NetName=NetCH-F7_1 Pin=S-F-A4
Added Pin To Net: NetName=NetCH-F4_4 Pin=S-F-A5
Added Pin To Net: NetName=NetCH-F4_3 Pin=S-F-A6
Added Pin To Net: NetName=NetCH-F4_2 Pin=S-F-A7
Added Pin To Net: NetName=NetCH-F4_1 Pin=S-F-A8
Added Pin To Net: NetName=NetCH-F1_4 Pin=S-F-A9
Added Pin To Net: NetName=NetCH-F1_3 Pin=S-F-A10
Added Pin To Net: NetName=NetCH-F1_2 Pin=S-F-A11
Added Pin To Net: NetName=NetCH-F1_1 Pin=S-F-A12
Added Pin To Net: NetName=NetCH-F8_4 Pin=S-F-B1
Added Pin To Net: NetName=NetCH-F8_3 Pin=S-F-B2
Added Pin To Net: NetName=NetCH-F8_2 Pin=S-F-B3
Added Pin To Net: NetName=NetCH-F8_1 Pin=S-F-B4
Added Pin To Net: NetName=NetCH-F5_4 Pin=S-F-B5
Added Pin To Net: NetName=NetCH-F5_3 Pin=S-F-B6
Added Pin To Net: NetName=NetCH-F5_2 Pin=S-F-B7
Added Pin To Net: NetName=NetCH-F5_1 Pin=S-F-B8
Added Pin To Net: NetName=NetCH-F2_4 Pin=S-F-B9
Added Pin To Net: NetName=NetCH-F2_3 Pin=S-F-B10
Added Pin To Net: NetName=NetCH-F2_2 Pin=S-F-B11
Added Pin To Net: NetName=NetCH-F2_1 Pin=S-F-B12
Added Pin To Net: NetName=NetCH-F9_4 Pin=S-F-C1
Added Pin To Net: NetName=NetCH-F9_3 Pin=S-F-C2
Added Pin To Net: NetName=NetCH-F9_2 Pin=S-F-C3
Added Pin To Net: NetName=NetCH-F9_1 Pin=S-F-C4
Added Pin To Net: NetName=NetCH-F6_4 Pin=S-F-C5
Added Pin To Net: NetName=NetCH-F6_3 Pin=S-F-C6
Added Pin To Net: NetName=NetCH-F6_2 Pin=S-F-C7
Added Pin To Net: NetName=NetCH-F6_1 Pin=S-F-C8
Added Pin To Net: NetName=NetCH-F3_4 Pin=S-F-C9
Added Pin To Net: NetName=NetCH-F3_3 Pin=S-F-C10
Added Pin To Net: NetName=NetCH-F3_2 Pin=S-F-C11
Added Pin To Net: NetName=NetCH-F3_1 Pin=S-F-C12
Added Pin To Net: NetName=NetCH-G7_4 Pin=S-G-A1
Added Pin To Net: NetName=NetCH-G7_3 Pin=S-G-A2
Added Pin To Net: NetName=NetCH-G7_2 Pin=S-G-A3
Added Pin To Net: NetName=NetCH-G7_1 Pin=S-G-A4
Added Pin To Net: NetName=NetCH-G4_4 Pin=S-G-A5
Added Pin To Net: NetName=NetCH-G4_3 Pin=S-G-A6
Added Pin To Net: NetName=NetCH-G4_2 Pin=S-G-A7
Added Pin To Net: NetName=NetCH-G4_1 Pin=S-G-A8
Added Pin To Net: NetName=NetCH-G1_4 Pin=S-G-A9
Added Pin To Net: NetName=NetCH-G1_3 Pin=S-G-A10
Added Pin To Net: NetName=NetCH-G1_2 Pin=S-G-A11
Added Pin To Net: NetName=NetCH-G1_1 Pin=S-G-A12
Added Pin To Net: NetName=NetCH-G8_4 Pin=S-G-B1
Added Pin To Net: NetName=NetCH-G8_3 Pin=S-G-B2
Added Pin To Net: NetName=NetCH-G8_2 Pin=S-G-B3
Added Pin To Net: NetName=NetCH-G8_1 Pin=S-G-B4
Added Pin To Net: NetName=NetCH-G5_4 Pin=S-G-B5
Added Pin To Net: NetName=NetCH-G5_3 Pin=S-G-B6
Added Pin To Net: NetName=NetCH-G5_2 Pin=S-G-B7
Added Pin To Net: NetName=NetCH-G5_1 Pin=S-G-B8
Added Pin To Net: NetName=NetCH-G2_4 Pin=S-G-B9
Added Pin To Net: NetName=NetCH-G2_3 Pin=S-G-B10
Added Pin To Net: NetName=NetCH-G2_2 Pin=S-G-B11
Added Pin To Net: NetName=NetCH-G2_1 Pin=S-G-B12
Added Pin To Net: NetName=NetCH-G9_4 Pin=S-G-C1
Added Pin To Net: NetName=NetCH-G9_3 Pin=S-G-C2
Added Pin To Net: NetName=NetCH-G9_2 Pin=S-G-C3
Added Pin To Net: NetName=NetCH-G9_1 Pin=S-G-C4
Added Pin To Net: NetName=NetCH-G6_4 Pin=S-G-C5
Added Pin To Net: NetName=NetCH-G6_3 Pin=S-G-C6
Added Pin To Net: NetName=NetCH-G6_2 Pin=S-G-C7
Added Pin To Net: NetName=NetCH-G6_1 Pin=S-G-C8
Added Pin To Net: NetName=NetCH-G3_4 Pin=S-G-C9
Added Pin To Net: NetName=NetCH-G3_3 Pin=S-G-C10
Added Pin To Net: NetName=NetCH-G3_2 Pin=S-G-C11
Added Pin To Net: NetName=NetCH-G3_1 Pin=S-G-C12
Added Pin To Net: NetName=NetCH-H7_4 Pin=S-H-A1
Added Pin To Net: NetName=NetCH-H7_3 Pin=S-H-A2
Added Pin To Net: NetName=NetCH-H7_2 Pin=S-H-A3
Added Pin To Net: NetName=NetCH-H7_1 Pin=S-H-A4
Added Pin To Net: NetName=NetCH-H4_4 Pin=S-H-A5
Added Pin To Net: NetName=NetCH-H4_3 Pin=S-H-A6
Added Pin To Net: NetName=NetCH-H4_2 Pin=S-H-A7
Added Pin To Net: NetName=NetCH-H4_1 Pin=S-H-A8
Added Pin To Net: NetName=NetCH-H1_4 Pin=S-H-A9
Added Pin To Net: NetName=NetCH-H1_3 Pin=S-H-A10
Added Pin To Net: NetName=NetCH-H1_2 Pin=S-H-A11
Added Pin To Net: NetName=NetCH-H1_1 Pin=S-H-A12
Added Pin To Net: NetName=NetCH-H8_4 Pin=S-H-B1
Added Pin To Net: NetName=NetCH-H8_3 Pin=S-H-B2
Added Pin To Net: NetName=NetCH-H8_2 Pin=S-H-B3
Added Pin To Net: NetName=NetCH-H8_1 Pin=S-H-B4
Added Pin To Net: NetName=NetCH-H5_4 Pin=S-H-B5
Added Pin To Net: NetName=NetCH-H5_3 Pin=S-H-B6
Added Pin To Net: NetName=NetCH-H5_2 Pin=S-H-B7
Added Pin To Net: NetName=NetCH-H5_1 Pin=S-H-B8
Added Pin To Net: NetName=NetCH-H2_4 Pin=S-H-B9
Added Pin To Net: NetName=NetCH-H2_3 Pin=S-H-B10
Added Pin To Net: NetName=NetCH-H2_2 Pin=S-H-B11
Added Pin To Net: NetName=NetCH-H2_1 Pin=S-H-B12
Added Pin To Net: NetName=NetCH-H9_4 Pin=S-H-C1
Added Pin To Net: NetName=NetCH-H9_3 Pin=S-H-C2
Added Pin To Net: NetName=NetCH-H9_2 Pin=S-H-C3
Added Pin To Net: NetName=NetCH-H9_1 Pin=S-H-C4
Added Pin To Net: NetName=NetCH-H6_4 Pin=S-H-C5
Added Pin To Net: NetName=NetCH-H6_3 Pin=S-H-C6
Added Pin To Net: NetName=NetCH-H6_2 Pin=S-H-C7
Added Pin To Net: NetName=NetCH-H6_1 Pin=S-H-C8
Added Pin To Net: NetName=NetCH-H3_4 Pin=S-H-C9
Added Pin To Net: NetName=NetCH-H3_3 Pin=S-H-C10
Added Pin To Net: NetName=NetCH-H3_2 Pin=S-H-C11
Added Pin To Net: NetName=NetCH-H3_1 Pin=S-H-C12
Added Pin To Net: NetName=NetCH-I7_4 Pin=S-I-A1
Added Pin To Net: NetName=NetCH-I7_3 Pin=S-I-A2
Added Pin To Net: NetName=NetCH-I7_2 Pin=S-I-A3
Added Pin To Net: NetName=NetCH-I7_1 Pin=S-I-A4
Added Pin To Net: NetName=NetCH-I4_4 Pin=S-I-A5
Added Pin To Net: NetName=NetCH-I4_3 Pin=S-I-A6
Added Pin To Net: NetName=NetCH-I4_2 Pin=S-I-A7
Added Pin To Net: NetName=NetCH-I4_1 Pin=S-I-A8
Added Pin To Net: NetName=NetCH-I1_4 Pin=S-I-A9
Added Pin To Net: NetName=NetCH-I1_3 Pin=S-I-A10
Added Pin To Net: NetName=NetCH-I1_2 Pin=S-I-A11
Added Pin To Net: NetName=NetCH-I1_1 Pin=S-I-A12
Added Pin To Net: NetName=NetCH-I8_4 Pin=S-I-B1
Added Pin To Net: NetName=NetCH-I8_3 Pin=S-I-B2
Added Pin To Net: NetName=NetCH-I8_2 Pin=S-I-B3
Added Pin To Net: NetName=NetCH-I8_1 Pin=S-I-B4
Added Pin To Net: NetName=NetCH-I5_4 Pin=S-I-B5
Added Pin To Net: NetName=NetCH-I5_3 Pin=S-I-B6
Added Pin To Net: NetName=NetCH-I5_2 Pin=S-I-B7
Added Pin To Net: NetName=NetCH-I5_1 Pin=S-I-B8
Added Pin To Net: NetName=NetCH-I2_4 Pin=S-I-B9
Added Pin To Net: NetName=NetCH-I2_3 Pin=S-I-B10
Added Pin To Net: NetName=NetCH-I2_2 Pin=S-I-B11
Added Pin To Net: NetName=NetCH-I2_1 Pin=S-I-B12
Added Pin To Net: NetName=NetCH-I9_4 Pin=S-I-C1
Added Pin To Net: NetName=NetCH-I9_3 Pin=S-I-C2
Added Pin To Net: NetName=NetCH-I9_2 Pin=S-I-C3
Added Pin To Net: NetName=NetCH-I9_1 Pin=S-I-C4
Added Pin To Net: NetName=NetCH-I6_4 Pin=S-I-C5
Added Pin To Net: NetName=NetCH-I6_3 Pin=S-I-C6
Added Pin To Net: NetName=NetCH-I6_2 Pin=S-I-C7
Added Pin To Net: NetName=NetCH-I6_1 Pin=S-I-C8
Added Pin To Net: NetName=NetCH-I3_4 Pin=S-I-C9
Added Pin To Net: NetName=NetCH-I3_3 Pin=S-I-C10
Added Pin To Net: NetName=NetCH-I3_2 Pin=S-I-C11
Added Pin To Net: NetName=NetCH-I3_1 Pin=S-I-C12
Added Pin To Net: NetName=NetCH-J7_4 Pin=S-J-A1
Added Pin To Net: NetName=NetCH-J7_3 Pin=S-J-A2
Added Pin To Net: NetName=NetCH-J7_2 Pin=S-J-A3
Added Pin To Net: NetName=NetCH-J7_1 Pin=S-J-A4
Added Pin To Net: NetName=NetCH-J4_4 Pin=S-J-A5
Added Pin To Net: NetName=NetCH-J4_3 Pin=S-J-A6
Added Pin To Net: NetName=NetCH-J4_2 Pin=S-J-A7
Added Pin To Net: NetName=NetCH-J4_1 Pin=S-J-A8
Added Pin To Net: NetName=NetCH-J1_4 Pin=S-J-A9
Added Pin To Net: NetName=NetCH-J1_3 Pin=S-J-A10
Added Pin To Net: NetName=NetCH-J1_2 Pin=S-J-A11
Added Pin To Net: NetName=NetCH-J1_1 Pin=S-J-A12
Added Pin To Net: NetName=NetCH-J8_4 Pin=S-J-B1
Added Pin To Net: NetName=NetCH-J8_3 Pin=S-J-B2
Added Pin To Net: NetName=NetCH-J8_2 Pin=S-J-B3
Added Pin To Net: NetName=NetCH-J8_1 Pin=S-J-B4
Added Pin To Net: NetName=NetCH-J5_4 Pin=S-J-B5
Added Pin To Net: NetName=NetCH-J5_3 Pin=S-J-B6
Added Pin To Net: NetName=NetCH-J5_2 Pin=S-J-B7
Added Pin To Net: NetName=NetCH-J5_1 Pin=S-J-B8
Added Pin To Net: NetName=NetCH-J2_4 Pin=S-J-B9
Added Pin To Net: NetName=NetCH-J2_3 Pin=S-J-B10
Added Pin To Net: NetName=NetCH-J2_2 Pin=S-J-B11
Added Pin To Net: NetName=NetCH-J2_1 Pin=S-J-B12
Added Pin To Net: NetName=NetCH-J9_4 Pin=S-J-C1
Added Pin To Net: NetName=NetCH-J9_3 Pin=S-J-C2
Added Pin To Net: NetName=NetCH-J9_2 Pin=S-J-C3
Added Pin To Net: NetName=NetCH-J9_1 Pin=S-J-C4
Added Pin To Net: NetName=NetCH-J6_4 Pin=S-J-C5
Added Pin To Net: NetName=NetCH-J6_3 Pin=S-J-C6
Added Pin To Net: NetName=NetCH-J6_2 Pin=S-J-C7
Added Pin To Net: NetName=NetCH-J6_1 Pin=S-J-C8
Added Pin To Net: NetName=NetCH-J3_4 Pin=S-J-C9
Added Pin To Net: NetName=NetCH-J3_3 Pin=S-J-C10
Added Pin To Net: NetName=NetCH-J3_2 Pin=S-J-C11
Added Pin To Net: NetName=NetCH-J3_1 Pin=S-J-C12
