Added Component: Designator=CH1(HEADER_1x4)
Added Component: Designator=FE(PCBComponent_1 - duplicate)
Added Component: Designator=GND1(PCB-omgsbkhp90n7lpri88og-1)
Added Component: Designator=GND2(PCB-omgsbkhp90n7lpri88og-1)
Added Component: Designator=GND(PCB-u2v43o1ftwqs3duy389i-1)
Added Component: Designator=HPIA(PCB-y1ci8m7vwvotsse2jq9i-1)
Added Component: Designator=HPIB(PCB-y1ci8m7vwvotsse2jq9i-1)
Added Component: Designator=HPOA(PCB-y1ci8m7vwvotsse2jq9i-1)
Added Component: Designator=HPOB(PCB-y1ci8m7vwvotsse2jq9i-1)
Added Component: Designator=MA(PCB-uzhe8vs3bcqz6bzs18qy-1)
Added Component: Designator=P_IN(PCB-u2v43o1ftwqs3duy389i-1)
Added Component: Designator=PWR1(PCB-omgsbkhp90n7lpri88og-1)
Added Component: Designator=PWR2(PCB-omgsbkhp90n7lpri88og-1)
Added Component: Designator=PWR-5V(PCB-y1ci8m7vwvotsse2jq9i-1)
Added Pin To Net: NetName=NetCH1_1 Pin=CH1-1
Added Pin To Net: NetName=NetCH1_2 Pin=CH1-2
Added Pin To Net: NetName=NetCH1_3 Pin=CH1-3
Added Pin To Net: NetName=NetCH1_4 Pin=CH1-4
Added Pin To Net: NetName=NetCH1_1 Pin=FE-A1
Added Pin To Net: NetName=NetCH1_2 Pin=FE-A2
Added Pin To Net: NetName=NetCH1_3 Pin=FE-A3
Added Pin To Net: NetName=NetCH1_4 Pin=FE-A4
Added Pin To Net: NetName=NetFE_A5 Pin=FE-A5
Added Pin To Net: NetName=NetFE_A6 Pin=FE-A6
Added Pin To Net: NetName=NetFE_A7 Pin=FE-A7
Added Pin To Net: NetName=NetFE_A8 Pin=FE-A8
Added Pin To Net: NetName=NetFE_A9 Pin=FE-A9
Added Pin To Net: NetName=NetFE_A10 Pin=FE-A10
Added Pin To Net: NetName=NetFE_A11 Pin=FE-A11
Added Pin To Net: NetName=NetFE_A12 Pin=FE-A12
Added Pin To Net: NetName=NetFE_A13 Pin=FE-A13
Added Pin To Net: NetName=NetFE_A14 Pin=FE-A14
Added Pin To Net: NetName=NetFE_A15 Pin=FE-A15
Added Pin To Net: NetName=NetFE_A16 Pin=FE-A16
Added Pin To Net: NetName=NetFE_A17 Pin=FE-A17
Added Pin To Net: NetName=NetFE_A18 Pin=FE-A18
Added Pin To Net: NetName=NetFE_A19 Pin=FE-A19
Added Pin To Net: NetName=NetFE_A20 Pin=FE-A20
Added Pin To Net: NetName=NetFE_B1 Pin=FE-B1
Added Pin To Net: NetName=NetFE_B2 Pin=FE-B2
Added Pin To Net: NetName=NetFE_B3 Pin=FE-B3
Added Pin To Net: NetName=NetFE_B4 Pin=FE-B4
Added Pin To Net: NetName=NetFE_B5 Pin=FE-B5
Added Pin To Net: NetName=NetFE_B6 Pin=FE-B6
Added Pin To Net: NetName=NetFE_B7 Pin=FE-B7
Added Pin To Net: NetName=NetFE_B8 Pin=FE-B8
Added Pin To Net: NetName=NetFE_B9 Pin=FE-B9
Added Pin To Net: NetName=NetFE_B10 Pin=FE-B10
Added Pin To Net: NetName=NetFE_B11 Pin=FE-B11
Added Pin To Net: NetName=NetFE_B12 Pin=FE-B12
Added Pin To Net: NetName=NetFE_A13 Pin=FE-B13
Added Pin To Net: NetName=NetFE_B14 Pin=FE-B14
Added Pin To Net: NetName=NetFE_B15 Pin=FE-B15
Added Pin To Net: NetName=NetFE_B16 Pin=FE-B16
Added Pin To Net: NetName=NetFE_B17 Pin=FE-B17
Added Pin To Net: NetName=NetFE_A18 Pin=FE-B18
Added Pin To Net: NetName=NetFE_A19 Pin=FE-B19
Added Pin To Net: NetName=NetFE_A20 Pin=FE-B20
Added Pin To Net: NetName=NetFE_C1 Pin=FE-C1
Added Pin To Net: NetName=NetFE_C2 Pin=FE-C2
Added Pin To Net: NetName=NetFE_C3 Pin=FE-C3
Added Pin To Net: NetName=NetFE_C4 Pin=FE-C4
Added Pin To Net: NetName=NetFE_C5 Pin=FE-C5
Added Pin To Net: NetName=NetFE_C6 Pin=FE-C6
Added Pin To Net: NetName=NetFE_C7 Pin=FE-C7
Added Pin To Net: NetName=NetFE_C8 Pin=FE-C8
Added Pin To Net: NetName=NetFE_C9 Pin=FE-C9
Added Pin To Net: NetName=NetFE_C10 Pin=FE-C10
Added Pin To Net: NetName=NetFE_C11 Pin=FE-C11
Added Pin To Net: NetName=NetFE_C12 Pin=FE-C12
Added Pin To Net: NetName=NetFE_A13 Pin=FE-C13
Added Pin To Net: NetName=NetFE_C14 Pin=FE-C14
Added Pin To Net: NetName=NetFE_C15 Pin=FE-C15
Added Pin To Net: NetName=NetFE_C16 Pin=FE-C16
Added Pin To Net: NetName=NetFE_C17 Pin=FE-C17
Added Pin To Net: NetName=NetFE_A18 Pin=FE-C18
Added Pin To Net: NetName=NetFE_A19 Pin=FE-C19
Added Pin To Net: NetName=NetFE_A20 Pin=FE-C20
Added Pin To Net: NetName=NetFE_HPIA Pin=FE-HPIA
Added Pin To Net: NetName=NetFE_HPIB Pin=FE-HPIB
Added Pin To Net: NetName=NetFE_HPOA Pin=FE-HPOA
Added Pin To Net: NetName=NetFE_HPOB Pin=FE-HPOB
Added Pin To Net: NetName=NetFE_A13 Pin=GND1-1
Added Pin To Net: NetName=NetFE_HPIB Pin=GND1-2
Added Pin To Net: NetName=NetFE_A18 Pin=GND2-1
Added Pin To Net: NetName=NetFE_HPIB Pin=GND2-2
Added Pin To Net: NetName=NetAUNO_GND2 Pin=GND-A
Added Pin To Net: NetName=NetAUNO_GND2 Pin=GND-B
Added Pin To Net: NetName=NetFE_HPIA Pin=HPIA-IO
Added Pin To Net: NetName=NetFE_HPIA Pin=HPIA-IO
Added Pin To Net: NetName=NetFE_HPIA Pin=HPIA-IO
Added Pin To Net: NetName=NetFE_HPIA Pin=HPIA-IO
Added Pin To Net: NetName=NetFE_HPIB Pin=HPIB-IO
Added Pin To Net: NetName=NetFE_HPIB Pin=HPIB-IO
Added Pin To Net: NetName=NetFE_HPIB Pin=HPIB-IO
Added Pin To Net: NetName=NetFE_HPIB Pin=HPIB-IO
Added Pin To Net: NetName=NetFE_HPOA Pin=HPOA-IO
Added Pin To Net: NetName=NetFE_HPOA Pin=HPOA-IO
Added Pin To Net: NetName=NetFE_HPOA Pin=HPOA-IO
Added Pin To Net: NetName=NetFE_HPOA Pin=HPOA-IO
Added Pin To Net: NetName=NetFE_HPOB Pin=HPOB-IO
Added Pin To Net: NetName=NetFE_HPOB Pin=HPOB-IO
Added Pin To Net: NetName=NetFE_HPOB Pin=HPOB-IO
Added Pin To Net: NetName=NetFE_HPOB Pin=HPOB-IO
Added Pin To Net: NetName=NetCH1_1 Pin=MA-A1
Added Pin To Net: NetName=NetCH1_2 Pin=MA-A2
Added Pin To Net: NetName=NetCH1_3 Pin=MA-A3
Added Pin To Net: NetName=NetCH1_4 Pin=MA-A4
Added Pin To Net: NetName=NetFE_A5 Pin=MA-A5
Added Pin To Net: NetName=NetFE_A6 Pin=MA-A6
Added Pin To Net: NetName=NetFE_A7 Pin=MA-A7
Added Pin To Net: NetName=NetFE_A8 Pin=MA-A8
Added Pin To Net: NetName=NetFE_A9 Pin=MA-A9
Added Pin To Net: NetName=NetFE_A10 Pin=MA-A10
Added Pin To Net: NetName=NetFE_A11 Pin=MA-A11
Added Pin To Net: NetName=NetFE_A12 Pin=MA-A12
Added Pin To Net: NetName=NetFE_A13 Pin=MA-A13
Added Pin To Net: NetName=NetFE_A14 Pin=MA-A14
Added Pin To Net: NetName=NetFE_A15 Pin=MA-A15
Added Pin To Net: NetName=NetFE_A16 Pin=MA-A16
Added Pin To Net: NetName=NetFE_A17 Pin=MA-A17
Added Pin To Net: NetName=NetFE_A19 Pin=MA-A19
Added Pin To Net: NetName=NetFE_A20 Pin=MA-A20
Added Pin To Net: NetName=NetFE_B1 Pin=MA-B1
Added Pin To Net: NetName=NetFE_B2 Pin=MA-B2
Added Pin To Net: NetName=NetFE_B3 Pin=MA-B3
Added Pin To Net: NetName=NetFE_B4 Pin=MA-B4
Added Pin To Net: NetName=NetFE_B5 Pin=MA-B5
Added Pin To Net: NetName=NetFE_B6 Pin=MA-B6
Added Pin To Net: NetName=NetFE_B7 Pin=MA-B7
Added Pin To Net: NetName=NetFE_B8 Pin=MA-B8
Added Pin To Net: NetName=NetFE_B9 Pin=MA-B9
Added Pin To Net: NetName=NetFE_B10 Pin=MA-B10
Added Pin To Net: NetName=NetFE_B11 Pin=MA-B11
Added Pin To Net: NetName=NetFE_B12 Pin=MA-B12
Added Pin To Net: NetName=NetFE_A13 Pin=MA-B13
Added Pin To Net: NetName=NetFE_B14 Pin=MA-B14
Added Pin To Net: NetName=NetFE_B15 Pin=MA-B15
Added Pin To Net: NetName=NetFE_B16 Pin=MA-B16
Added Pin To Net: NetName=NetFE_B17 Pin=MA-B17
Added Pin To Net: NetName=NetFE_A19 Pin=MA-B19
Added Pin To Net: NetName=NetFE_A20 Pin=MA-B20
Added Pin To Net: NetName=NetFE_C1 Pin=MA-C1
Added Pin To Net: NetName=NetFE_C2 Pin=MA-C2
Added Pin To Net: NetName=NetFE_C3 Pin=MA-C3
Added Pin To Net: NetName=NetFE_C4 Pin=MA-C4
Added Pin To Net: NetName=NetFE_C5 Pin=MA-C5
Added Pin To Net: NetName=NetFE_C6 Pin=MA-C6
Added Pin To Net: NetName=NetFE_C7 Pin=MA-C7
Added Pin To Net: NetName=NetFE_C8 Pin=MA-C8
Added Pin To Net: NetName=NetFE_C9 Pin=MA-C9
Added Pin To Net: NetName=NetFE_C10 Pin=MA-C10
Added Pin To Net: NetName=NetFE_C11 Pin=MA-C11
Added Pin To Net: NetName=NetFE_C12 Pin=MA-C12
Added Pin To Net: NetName=NetFE_A13 Pin=MA-C13
Added Pin To Net: NetName=NetFE_C14 Pin=MA-C14
Added Pin To Net: NetName=NetFE_C15 Pin=MA-C15
Added Pin To Net: NetName=NetFE_C16 Pin=MA-C16
Added Pin To Net: NetName=NetFE_C17 Pin=MA-C17
Added Pin To Net: NetName=NetFE_A19 Pin=MA-C19
Added Pin To Net: NetName=NetFE_A20 Pin=MA-C20
Added Pin To Net: NetName=NetFE_HPIA Pin=MA-HPIA
Added Pin To Net: NetName=NetFE_HPIA Pin=MA-HPIA
Added Pin To Net: NetName=NetFE_HPIA Pin=MA-HPIA
Added Pin To Net: NetName=NetFE_HPIA Pin=MA-HPIA
Added Pin To Net: NetName=NetFE_HPIB Pin=MA-HPIB
Added Pin To Net: NetName=NetFE_HPIB Pin=MA-HPIB
Added Pin To Net: NetName=NetFE_HPIB Pin=MA-HPIB
Added Pin To Net: NetName=NetFE_HPIB Pin=MA-HPIB
Added Pin To Net: NetName=NetFE_HPOA Pin=MA-HPOA
Added Pin To Net: NetName=NetFE_HPOA Pin=MA-HPOA
Added Pin To Net: NetName=NetFE_HPOA Pin=MA-HPOA
Added Pin To Net: NetName=NetFE_HPOA Pin=MA-HPOA
Added Pin To Net: NetName=NetFE_HPOB Pin=MA-HPOB
Added Pin To Net: NetName=NetFE_HPOB Pin=MA-HPOB
Added Pin To Net: NetName=NetFE_HPOB Pin=MA-HPOB
Added Pin To Net: NetName=NetFE_HPOB Pin=MA-HPOB
Added Pin To Net: NetName=NetHP-A_1 Pin=P_IN-A
Added Pin To Net: NetName=NetAUNO_5V Pin=P_IN-B
Added Pin To Net: NetName=NetFE_A20 Pin=PWR1-1
Added Pin To Net: NetName=NetPWR1_2 Pin=PWR1-2
Added Pin To Net: NetName=NetFE_A19 Pin=PWR2-1
Added Pin To Net: NetName=NetPWR1_2 Pin=PWR2-2
Added Pin To Net: NetName=NetPWR1_2 Pin=PWR-5V-IO
Added Pin To Net: NetName=NetPWR1_2 Pin=PWR-5V-IO
Added Pin To Net: NetName=NetPWR1_2 Pin=PWR-5V-IO
Added Pin To Net: NetName=NetPWR1_2 Pin=PWR-5V-IO
