Removed Pin From Net: NetName=NetCH-A9_3 Pin=S-A-A1
Removed Pin From Net: NetName=NetCH-A8_2 Pin=S-A-A2
Removed Pin From Net: NetName=NetCH-A7_1 Pin=S-A-A3
Removed Pin From Net: NetName=NetCH-A7_4 Pin=S-A-A4
Removed Pin From Net: NetName=NetCH-A6_3 Pin=S-A-A5
Removed Pin From Net: NetName=NetCH-A5_2 Pin=S-A-A6
Removed Pin From Net: NetName=NetCH-A4_1 Pin=S-A-A7
Removed Pin From Net: NetName=NetCH-A4_4 Pin=S-A-A8
Removed Pin From Net: NetName=NetCH-A3_3 Pin=S-A-A9
Removed Pin From Net: NetName=NetCH-A2_2 Pin=S-A-A10
Removed Pin From Net: NetName=NetCH-A1_1 Pin=S-A-A11
Removed Pin From Net: NetName=NetCH-A1_4 Pin=S-A-A12
Removed Pin From Net: NetName=NetCH-A9_2 Pin=S-A-B1
Removed Pin From Net: NetName=NetCH-A8_1 Pin=S-A-B2
Removed Pin From Net: NetName=NetCH-A8_4 Pin=S-A-B3
Removed Pin From Net: NetName=NetCH-A7_3 Pin=S-A-B4
Removed Pin From Net: NetName=NetCH-A6_2 Pin=S-A-B5
Removed Pin From Net: NetName=NetCH-A5_1 Pin=S-A-B6
Removed Pin From Net: NetName=NetCH-A5_4 Pin=S-A-B7
Removed Pin From Net: NetName=NetCH-A4_3 Pin=S-A-B8
Removed Pin From Net: NetName=NetCH-A3_2 Pin=S-A-B9
Removed Pin From Net: NetName=NetCH-A2_1 Pin=S-A-B10
Removed Pin From Net: NetName=NetCH-A2_4 Pin=S-A-B11
Removed Pin From Net: NetName=NetCH-A1_3 Pin=S-A-B12
Removed Pin From Net: NetName=NetCH-A9_1 Pin=S-A-C1
Removed Pin From Net: NetName=NetCH-A9_4 Pin=S-A-C2
Removed Pin From Net: NetName=NetCH-A8_3 Pin=S-A-C3
Removed Pin From Net: NetName=NetCH-A7_2 Pin=S-A-C4
Removed Pin From Net: NetName=NetCH-A6_1 Pin=S-A-C5
Removed Pin From Net: NetName=NetCH-A6_4 Pin=S-A-C6
Removed Pin From Net: NetName=NetCH-A5_3 Pin=S-A-C7
Removed Pin From Net: NetName=NetCH-A4_2 Pin=S-A-C8
Removed Pin From Net: NetName=NetCH-A3_1 Pin=S-A-C9
Removed Pin From Net: NetName=NetCH-A3_4 Pin=S-A-C10
Removed Pin From Net: NetName=NetCH-A2_3 Pin=S-A-C11
Removed Pin From Net: NetName=NetCH-A1_2 Pin=S-A-C12
Change Component DesignItemId : Designator=S-A Old DesignItemId=CMP-dgd04bf3j3drhl5uyyz7-26 New DesignItemId=CMP-dgd04bf3j3drhl5uyyz7-27
Added Pin To Net: NetName=NetCH-A9_1 Pin=S-A-A1
Added Pin To Net: NetName=NetCH-A9_2 Pin=S-A-A2
Added Pin To Net: NetName=NetCH-A9_3 Pin=S-A-A3
Added Pin To Net: NetName=NetCH-A9_4 Pin=S-A-A4
Added Pin To Net: NetName=NetCH-A6_1 Pin=S-A-A5
Added Pin To Net: NetName=NetCH-A6_2 Pin=S-A-A6
Added Pin To Net: NetName=NetCH-A6_3 Pin=S-A-A7
Added Pin To Net: NetName=NetCH-A6_4 Pin=S-A-A8
Added Pin To Net: NetName=NetCH-A3_1 Pin=S-A-A9
Added Pin To Net: NetName=NetCH-A3_2 Pin=S-A-A10
Added Pin To Net: NetName=NetCH-A3_3 Pin=S-A-A11
Added Pin To Net: NetName=NetCH-A3_4 Pin=S-A-A12
Added Pin To Net: NetName=NetCH-A8_1 Pin=S-A-B1
Added Pin To Net: NetName=NetCH-A8_2 Pin=S-A-B2
Added Pin To Net: NetName=NetCH-A8_3 Pin=S-A-B3
Added Pin To Net: NetName=NetCH-A8_4 Pin=S-A-B4
Added Pin To Net: NetName=NetCH-A5_1 Pin=S-A-B5
Added Pin To Net: NetName=NetCH-A5_2 Pin=S-A-B6
Added Pin To Net: NetName=NetCH-A5_3 Pin=S-A-B7
Added Pin To Net: NetName=NetCH-A5_4 Pin=S-A-B8
Added Pin To Net: NetName=NetCH-A2_1 Pin=S-A-B9
Added Pin To Net: NetName=NetCH-A2_2 Pin=S-A-B10
Added Pin To Net: NetName=NetCH-A2_3 Pin=S-A-B11
Added Pin To Net: NetName=NetCH-A2_4 Pin=S-A-B12
Added Pin To Net: NetName=NetCH-A7_1 Pin=S-A-C1
Added Pin To Net: NetName=NetCH-A7_2 Pin=S-A-C2
Added Pin To Net: NetName=NetCH-A7_3 Pin=S-A-C3
Added Pin To Net: NetName=NetCH-A7_4 Pin=S-A-C4
Added Pin To Net: NetName=NetCH-A4_1 Pin=S-A-C5
Added Pin To Net: NetName=NetCH-A4_2 Pin=S-A-C6
Added Pin To Net: NetName=NetCH-A4_3 Pin=S-A-C7
Added Pin To Net: NetName=NetCH-A4_4 Pin=S-A-C8
Added Pin To Net: NetName=NetCH-A1_1 Pin=S-A-C9
Added Pin To Net: NetName=NetCH-A1_2 Pin=S-A-C10
Added Pin To Net: NetName=NetCH-A1_3 Pin=S-A-C11
Added Pin To Net: NetName=NetCH-A1_4 Pin=S-A-C12
