Removed Pin From Net: NetName=NetAUNO_D11 Pin=S-A-C16
Removed Pin From Net: NetName=NetAUNO_D10 Pin=S-B-C16
Removed Pin From Net: NetName=NetAUNO_D9 Pin=S-C-C16
Removed Pin From Net: NetName=NetAUNO_D8 Pin=S-D-C16
Removed Pin From Net: NetName=NetAUNO_D7 Pin=S-E-C16
Removed Pin From Net: NetName=NetAUNO_D6 Pin=S-F-C16
Removed Pin From Net: NetName=NetAUNO_D5 Pin=S-G-C16
Removed Pin From Net: NetName=NetAUNO_D4 Pin=S-H-C16
Removed Pin From Net: NetName=NetAUNO_D3 Pin=S-I-C16
Removed Pin From Net: NetName=NetAUNO_D2 Pin=S-J-C16
Added Pin To Net: NetName=NetAUNO_D2 Pin=S-A-C16
Added Pin To Net: NetName=NetAUNO_D3 Pin=S-B-C16
Added Pin To Net: NetName=NetAUNO_D4 Pin=S-C-C16
Added Pin To Net: NetName=NetAUNO_D5 Pin=S-D-C16
Added Pin To Net: NetName=NetAUNO_D6 Pin=S-E-C16
Added Pin To Net: NetName=NetAUNO_D7 Pin=S-F-C16
Added Pin To Net: NetName=NetAUNO_D8 Pin=S-G-C16
Added Pin To Net: NetName=NetAUNO_D9 Pin=S-H-C16
Added Pin To Net: NetName=NetAUNO_D10 Pin=S-I-C16
Added Pin To Net: NetName=NetAUNO_D11 Pin=S-J-C16
