Added Component: Designator=2-4MULTI1(DIP-16/X1.5)
Added Component: Designator=2-4MULTI2(DIP-16/X1.5)
Added Component: Designator=3-2MULTI1(DIP-16/X1.5)
Added Component: Designator=7SD2(DIP-14)
Added Component: Designator=C1(RAD-0.3)
Added Component: Designator=C2(RAD-0.3)
Added Component: Designator=C3(RAD-0.3)
Added Component: Designator=C4(RAD-0.3)
Added Component: Designator=C5(RAD-0.3)
Added Component: Designator=C6(RAD-0.3)
Added Component: Designator=C7(RAD-0.3)
Added Component: Designator=C8(RAD-0.3)
Added Component: Designator=C9(RAD-0.3)
Added Component: Designator=C10(RAD-0.3)
Added Component: Designator=C11(RAD-0.3)
Added Component: Designator=C12(RAD-0.3)
Added Component: Designator=C13(RAD-0.3)
Added Component: Designator=C14(RAD-0.3)
Added Component: Designator=C15(RAD-0.3)
Added Component: Designator=C16(RAD-0.3)
Added Component: Designator=C17(RAD-0.3)
Added Component: Designator=C18(RAD-0.3)
Added Component: Designator=C19(RAD-0.3)
Added Component: Designator=C20(RAD-0.3)
Added Component: Designator=C21(RAD-0.3)
Added Component: Designator=C22(RAD-0.3)
Added Component: Designator=C23(RAD-0.3)
Added Component: Designator=C25(RAD-0.3)
Added Component: Designator=C26(RAD-0.3)
Added Component: Designator=C27(RAD-0.3)
Added Component: Designator=C28(RAD-0.3)
Added Component: Designator=C29(RAD-0.3)
Added Component: Designator=C30(RAD-0.3)
Added Component: Designator=C31(RAD-0.3)
Added Component: Designator=C32(RAD-0.3)
Added Component: Designator=C33(RAD-0.3)
Added Component: Designator=C34(RAD-0.3)
Added Component: Designator=C35(RAD-0.3)
Added Component: Designator=CNT2(DIP-16/X1.5)
Added Component: Designator=DSDRV2(DIP-16/X1.5)
Added Component: Designator=FF2-(DIP-14/D19.7)
Added Component: Designator=GRT-E/D(SPDT-3)
Added Component: Designator=GRT-SCALE(SPDT-3)
Added Component: Designator=IA(DIP-8)
Added Component: Designator=L5(DSO-F2/D6.1)
Added Component: Designator=L6(DSO-F2/D6.1)
Added Component: Designator=L7(DSO-F2/D6.1)
Added Component: Designator=L8(DSO-F2/D6.1)
Added Component: Designator=LEDDRV1(DIP-16/X1.5)
Added Component: Designator=NAND2-(DIP-14/D19.7)
Added Component: Designator=OP1-(DIP-14)
Added Component: Designator=R9(AXIAL-0.3)
Added Component: Designator=R10(AXIAL-0.3)
Added Component: Designator=R11(AXIAL-0.3)
Added Component: Designator=R12(AXIAL-0.3)
Added Component: Designator=R13(AXIAL-0.3)
Added Component: Designator=R14(AXIAL-0.3)
Added Component: Designator=R15(AXIAL-0.3)
Added Component: Designator=R16(AXIAL-0.3)
Added Component: Designator=R17(AXIAL-0.3)
Added Component: Designator=R18(AXIAL-0.3)
Added Component: Designator=R19(AXIAL-0.3)
Added Component: Designator=R20(AXIAL-0.3)
Added Component: Designator=R29(AXIAL-0.3)
Added Component: Designator=R30(AXIAL-0.3)
Added Component: Designator=R31(AXIAL-0.3)
Added Component: Designator=R32(AXIAL-0.3)
Added Component: Designator=R33(AXIAL-0.3)
Added Component: Designator=R34(AXIAL-0.3)
Added Component: Designator=R35(AXIAL-0.3)
Added Component: Designator=R36(AXIAL-0.3)
Added Component: Designator=R37(AXIAL-0.3)
Added Component: Designator=R38(AXIAL-0.3)
Added Component: Designator=R39(AXIAL-0.3)
Added Component: Designator=R40(AXIAL-0.3)
Added Component: Designator=R41(AXIAL-0.3)
Added Component: Designator=R42(AXIAL-0.3)
Added Component: Designator=R52(AXIAL-0.3)
Added Component: Designator=R53(AXIAL-0.3)
Added Component: Designator=R54(AXIAL-0.3)
Added Component: Designator=R55(AXIAL-0.3)
Added Component: Designator=R56(AXIAL-0.3)
Added Component: Designator=R57(AXIAL-0.3)
Added Component: Designator=R58(AXIAL-0.3)
Added Component: Designator=SC1(DIP-18)
Added Component: Designator=SW-PB3(SPDT-3)
Added Component: Designator=SW-PB4(SPDT-3)
Added Component: Designator=U3(DIP-14/D19.7)
Added Component: Designator=U4(DIP-14/D19.7)
Added Pin To Net: NetName=+5V Pin=7SD2-3
Added Pin To Net: NetName=+5V Pin=7SD2-14
Added Pin To Net: NetName=+5V Pin=C6-1
Added Pin To Net: NetName=+5V Pin=C8-1
Added Pin To Net: NetName=+5V Pin=C10-2
Added Pin To Net: NetName=+5V Pin=C11-2
Added Pin To Net: NetName=+5V Pin=C13-2
Added Pin To Net: NetName=+5V Pin=C15-2
Added Pin To Net: NetName=+5V Pin=C17-2
Added Pin To Net: NetName=+5V Pin=C19-2
Added Pin To Net: NetName=+5V Pin=C22-1
Added Pin To Net: NetName=+5V Pin=C25-2
Added Pin To Net: NetName=+5V Pin=C27-1
Added Pin To Net: NetName=+5V Pin=C30-1
Added Pin To Net: NetName=+5V Pin=C33-1
Added Pin To Net: NetName=+5V Pin=CNT2-1
Added Pin To Net: NetName=+5V Pin=CNT2-15
Added Pin To Net: NetName=+5V Pin=DSDRV2-3
Added Pin To Net: NetName=+5V Pin=DSDRV2-4
Added Pin To Net: NetName=+5V Pin=DSDRV2-5
Added Pin To Net: NetName=+5V Pin=FF2--2
Added Pin To Net: NetName=+5V Pin=FF2--4
Added Pin To Net: NetName=+5V Pin=FF2--10
Added Pin To Net: NetName=+5V Pin=FF2--12
Added Pin To Net: NetName=+5V Pin=GRT-E/D-2
Added Pin To Net: NetName=+5V Pin=GRT-SCALE-2
Added Pin To Net: NetName=+5V Pin=R13-2
Added Pin To Net: NetName=+5V Pin=R14-1
Added Pin To Net: NetName=+5V Pin=R15-2
Added Pin To Net: NetName=+5V Pin=R16-1
Added Pin To Net: NetName=+5V Pin=SC1-16
Added Net: Name=+5V
Added Pin To Net: NetName=+I Pin=2-4MULTI1-11
Added Pin To Net: NetName=+I Pin=2-4MULTI1-12
Added Pin To Net: NetName=+I Pin=2-4MULTI1-14
Added Pin To Net: NetName=+I Pin=2-4MULTI1-15
Added Net: Name=+I
Added Pin To Net: NetName=+V Pin=2-4MULTI2-11
Added Pin To Net: NetName=+V Pin=2-4MULTI2-12
Added Pin To Net: NetName=+V Pin=2-4MULTI2-14
Added Pin To Net: NetName=+V Pin=2-4MULTI2-15
Added Net: Name=+V
Added Pin To Net: NetName=-5V Pin=C20-2
Added Pin To Net: NetName=-5V Pin=C23-1
Added Pin To Net: NetName=-5V Pin=C26-1
Added Pin To Net: NetName=-5V Pin=C28-1
Added Pin To Net: NetName=-5V Pin=C31-1
Added Pin To Net: NetName=-5V Pin=C34-2
Added Net: Name=-5V
Added Pin To Net: NetName=-I Pin=2-4MULTI1-1
Added Pin To Net: NetName=-I Pin=2-4MULTI1-2
Added Pin To Net: NetName=-I Pin=2-4MULTI1-4
Added Pin To Net: NetName=-I Pin=2-4MULTI1-5
Added Net: Name=-I
Added Pin To Net: NetName=-V Pin=2-4MULTI2-1
Added Pin To Net: NetName=-V Pin=2-4MULTI2-2
Added Pin To Net: NetName=-V Pin=2-4MULTI2-4
Added Pin To Net: NetName=-V Pin=2-4MULTI2-5
Added Net: Name=-V
Added Pin To Net: NetName=GND Pin=3-2MULTI1-6
Added Pin To Net: NetName=GND Pin=3-2MULTI1-9
Added Pin To Net: NetName=GND Pin=C1-1
Added Pin To Net: NetName=GND Pin=C2-1
Added Pin To Net: NetName=GND Pin=C5-1
Added Pin To Net: NetName=GND Pin=C7-1
Added Pin To Net: NetName=GND Pin=C9-1
Added Pin To Net: NetName=GND Pin=C12-1
Added Pin To Net: NetName=GND Pin=C14-1
Added Pin To Net: NetName=GND Pin=C16-1
Added Pin To Net: NetName=GND Pin=C18-1
Added Pin To Net: NetName=GND Pin=C21-2
Added Pin To Net: NetName=GND Pin=C29-2
Added Pin To Net: NetName=GND Pin=C32-2
Added Pin To Net: NetName=GND Pin=C35-1
Added Pin To Net: NetName=GND Pin=CNT2-9
Added Pin To Net: NetName=GND Pin=CNT2-10
Added Pin To Net: NetName=GND Pin=DSDRV2-2
Added Pin To Net: NetName=GND Pin=DSDRV2-6
Added Pin To Net: NetName=GND Pin=FF2--7
Added Pin To Net: NetName=GND Pin=GRT-E/D-3
Added Pin To Net: NetName=GND Pin=GRT-SCALE-3
Added Pin To Net: NetName=GND Pin=LEDDRV1-12
Added Pin To Net: NetName=GND Pin=NAND2--7
Added Pin To Net: NetName=GND Pin=OP1--3
Added Pin To Net: NetName=GND Pin=OP1--5
Added Pin To Net: NetName=GND Pin=OP1--10
Added Pin To Net: NetName=GND Pin=OP1--12
Added Pin To Net: NetName=GND Pin=SC1-12
Added Pin To Net: NetName=GND Pin=SW-PB3-1
Added Pin To Net: NetName=GND Pin=SW-PB4-1
Added Net: Name=GND
Added Pin To Net: NetName=L/R LINE Pin=U3-1
Added Pin To Net: NetName=L/R LINE Pin=U3-4
Added Pin To Net: NetName=L/R LINE Pin=U3-10
Added Pin To Net: NetName=L/R LINE Pin=U3-13
Added Pin To Net: NetName=L/R LINE Pin=U4-1
Added Pin To Net: NetName=L/R LINE Pin=U4-4
Added Pin To Net: NetName=L/R LINE Pin=U4-10
Added Pin To Net: NetName=L/R LINE Pin=U4-13
Added Net: Name=L/R LINE
Added Pin To Net: NetName=Net2-4MULTI1_3 Pin=2-4MULTI1-3
Added Pin To Net: NetName=Net2-4MULTI1_3 Pin=R19-2
Added Pin To Net: NetName=Net2-4MULTI1_3 Pin=R20-2
Added Net: Name=Net2-4MULTI1_3
Added Pin To Net: NetName=Net2-4MULTI1_6 Pin=2-4MULTI1-6
Added Pin To Net: NetName=Net2-4MULTI1_6 Pin=2-4MULTI2-6
Added Pin To Net: NetName=Net2-4MULTI1_6 Pin=LEDDRV1-1
Added Pin To Net: NetName=Net2-4MULTI1_6 Pin=U3-8
Added Pin To Net: NetName=Net2-4MULTI1_6 Pin=U4-8
Added Net: Name=Net2-4MULTI1_6
Added Pin To Net: NetName=Net2-4MULTI1_7 Pin=2-4MULTI1-7
Added Pin To Net: NetName=Net2-4MULTI1_7 Pin=C28-2
Added Net: Name=Net2-4MULTI1_7
Added Pin To Net: NetName=Net2-4MULTI1_8 Pin=2-4MULTI1-8
Added Pin To Net: NetName=Net2-4MULTI1_8 Pin=C29-1
Added Net: Name=Net2-4MULTI1_8
Added Pin To Net: NetName=Net2-4MULTI1_9 Pin=2-4MULTI1-9
Added Pin To Net: NetName=Net2-4MULTI1_9 Pin=2-4MULTI2-9
Added Pin To Net: NetName=Net2-4MULTI1_9 Pin=DSDRV2-1
Added Pin To Net: NetName=Net2-4MULTI1_9 Pin=U3-6
Added Pin To Net: NetName=Net2-4MULTI1_9 Pin=U4-6
Added Net: Name=Net2-4MULTI1_9
Added Pin To Net: NetName=Net2-4MULTI1_10 Pin=2-4MULTI1-10
Added Pin To Net: NetName=Net2-4MULTI1_10 Pin=2-4MULTI2-10
Added Pin To Net: NetName=Net2-4MULTI1_10 Pin=DSDRV2-7
Added Pin To Net: NetName=Net2-4MULTI1_10 Pin=U3-3
Added Pin To Net: NetName=Net2-4MULTI1_10 Pin=U4-3
Added Net: Name=Net2-4MULTI1_10
Added Pin To Net: NetName=Net2-4MULTI1_13 Pin=2-4MULTI1-13
Added Pin To Net: NetName=Net2-4MULTI1_13 Pin=R17-2
Added Pin To Net: NetName=Net2-4MULTI1_13 Pin=R18-2
Added Net: Name=Net2-4MULTI1_13
Added Pin To Net: NetName=Net2-4MULTI1_16 Pin=2-4MULTI1-16
Added Pin To Net: NetName=Net2-4MULTI1_16 Pin=C27-2
Added Net: Name=Net2-4MULTI1_16
Added Pin To Net: NetName=Net2-4MULTI2_3 Pin=2-4MULTI2-3
Added Pin To Net: NetName=Net2-4MULTI2_3 Pin=IA-2
Added Net: Name=Net2-4MULTI2_3
Added Pin To Net: NetName=Net2-4MULTI2_7 Pin=2-4MULTI2-7
Added Pin To Net: NetName=Net2-4MULTI2_7 Pin=C31-2
Added Net: Name=Net2-4MULTI2_7
Added Pin To Net: NetName=Net2-4MULTI2_8 Pin=2-4MULTI2-8
Added Pin To Net: NetName=Net2-4MULTI2_8 Pin=C32-1
Added Net: Name=Net2-4MULTI2_8
Added Pin To Net: NetName=Net2-4MULTI2_13 Pin=2-4MULTI2-13
Added Pin To Net: NetName=Net2-4MULTI2_13 Pin=IA-3
Added Net: Name=Net2-4MULTI2_13
Added Pin To Net: NetName=Net2-4MULTI2_16 Pin=2-4MULTI2-16
Added Pin To Net: NetName=Net2-4MULTI2_16 Pin=C30-2
Added Net: Name=Net2-4MULTI2_16
Added Pin To Net: NetName=Net3-2MULTI1_1 Pin=3-2MULTI1-1
Added Pin To Net: NetName=Net3-2MULTI1_1 Pin=R20-1
Added Net: Name=Net3-2MULTI1_1
Added Pin To Net: NetName=Net3-2MULTI1_2 Pin=3-2MULTI1-2
Added Pin To Net: NetName=Net3-2MULTI1_2 Pin=R19-1
Added Net: Name=Net3-2MULTI1_2
Added Pin To Net: NetName=Net3-2MULTI1_7 Pin=3-2MULTI1-7
Added Pin To Net: NetName=Net3-2MULTI1_7 Pin=C20-1
Added Net: Name=Net3-2MULTI1_7
Added Pin To Net: NetName=Net3-2MULTI1_8 Pin=3-2MULTI1-8
Added Pin To Net: NetName=Net3-2MULTI1_8 Pin=C21-1
Added Net: Name=Net3-2MULTI1_8
Added Pin To Net: NetName=Net3-2MULTI1_10 Pin=3-2MULTI1-10
Added Pin To Net: NetName=Net3-2MULTI1_10 Pin=3-2MULTI1-11
Added Pin To Net: NetName=Net3-2MULTI1_10 Pin=LEDDRV1-7
Added Pin To Net: NetName=Net3-2MULTI1_10 Pin=U3-11
Added Pin To Net: NetName=Net3-2MULTI1_10 Pin=U4-11
Added Net: Name=Net3-2MULTI1_10
Added Pin To Net: NetName=Net3-2MULTI1_12 Pin=3-2MULTI1-12
Added Pin To Net: NetName=Net3-2MULTI1_12 Pin=R17-1
Added Net: Name=Net3-2MULTI1_12
Added Pin To Net: NetName=Net3-2MULTI1_13 Pin=3-2MULTI1-13
Added Pin To Net: NetName=Net3-2MULTI1_13 Pin=R18-1
Added Net: Name=Net3-2MULTI1_13
Added Pin To Net: NetName=Net3-2MULTI1_14 Pin=3-2MULTI1-14
Added Pin To Net: NetName=Net3-2MULTI1_14 Pin=OP1--1
Added Pin To Net: NetName=Net3-2MULTI1_14 Pin=R31-2
Added Pin To Net: NetName=Net3-2MULTI1_14 Pin=R32-1
Added Net: Name=Net3-2MULTI1_14
Added Pin To Net: NetName=Net3-2MULTI1_15 Pin=3-2MULTI1-15
Added Pin To Net: NetName=Net3-2MULTI1_15 Pin=OP1--7
Added Pin To Net: NetName=Net3-2MULTI1_15 Pin=R33-2
Added Net: Name=Net3-2MULTI1_15
Added Pin To Net: NetName=Net3-2MULTI1_16 Pin=3-2MULTI1-16
Added Pin To Net: NetName=Net3-2MULTI1_16 Pin=C19-1
Added Net: Name=Net3-2MULTI1_16
Added Pin To Net: NetName=Net7SD2_1 Pin=7SD2-1
Added Pin To Net: NetName=Net7SD2_1 Pin=R52-2
Added Net: Name=Net7SD2_1
Added Pin To Net: NetName=Net7SD2_2 Pin=7SD2-2
Added Pin To Net: NetName=Net7SD2_2 Pin=R57-2
Added Net: Name=Net7SD2_2
Added Pin To Net: NetName=Net7SD2_7 Pin=7SD2-7
Added Pin To Net: NetName=Net7SD2_7 Pin=R56-2
Added Net: Name=Net7SD2_7
Added Pin To Net: NetName=Net7SD2_8 Pin=7SD2-8
Added Pin To Net: NetName=Net7SD2_8 Pin=R55-2
Added Net: Name=Net7SD2_8
Added Pin To Net: NetName=Net7SD2_10 Pin=7SD2-10
Added Pin To Net: NetName=Net7SD2_10 Pin=R54-2
Added Net: Name=Net7SD2_10
Added Pin To Net: NetName=Net7SD2_11 Pin=7SD2-11
Added Pin To Net: NetName=Net7SD2_11 Pin=R58-2
Added Net: Name=Net7SD2_11
Added Pin To Net: NetName=Net7SD2_13 Pin=7SD2-13
Added Pin To Net: NetName=Net7SD2_13 Pin=R53-2
Added Net: Name=Net7SD2_13
Added Pin To Net: NetName=NetC1_2 Pin=C1-2
Added Pin To Net: NetName=NetC1_2 Pin=SC1-17
Added Net: Name=NetC1_2
Added Pin To Net: NetName=NetC2_2 Pin=C2-2
Added Pin To Net: NetName=NetC2_2 Pin=C3-2
Added Pin To Net: NetName=NetC2_2 Pin=R38-2
Added Pin To Net: NetName=NetC2_2 Pin=SC1-2
Added Net: Name=NetC2_2
Added Pin To Net: NetName=NetC3_1 Pin=C3-1
Added Pin To Net: NetName=NetC3_1 Pin=R37-2
Added Pin To Net: NetName=NetC3_1 Pin=R38-1
Added Net: Name=NetC3_1
Added Pin To Net: NetName=NetC4_1 Pin=C4-1
Added Pin To Net: NetName=NetC4_1 Pin=OP1--9
Added Pin To Net: NetName=NetC4_1 Pin=R39-1
Added Pin To Net: NetName=NetC4_1 Pin=R40-2
Added Net: Name=NetC4_1
Added Pin To Net: NetName=NetC4_2 Pin=C4-2
Added Pin To Net: NetName=NetC4_2 Pin=OP1--8
Added Pin To Net: NetName=NetC4_2 Pin=R40-1
Added Pin To Net: NetName=NetC4_2 Pin=R41-2
Added Net: Name=NetC4_2
Added Pin To Net: NetName=NetC5_2 Pin=C5-2
Added Pin To Net: NetName=NetC5_2 Pin=NAND2--7
Added Net: Name=NetC5_2
Added Pin To Net: NetName=NetC6_2 Pin=C6-2
Added Pin To Net: NetName=NetC6_2 Pin=NAND2--14
Added Net: Name=NetC6_2
Added Pin To Net: NetName=NetC7_2 Pin=C7-2
Added Pin To Net: NetName=NetC7_2 Pin=FF2--7
Added Net: Name=NetC7_2
Added Pin To Net: NetName=NetC8_2 Pin=C8-2
Added Pin To Net: NetName=NetC8_2 Pin=FF2--14
Added Net: Name=NetC8_2
Added Pin To Net: NetName=NetC9_2 Pin=C9-2
Added Pin To Net: NetName=NetC9_2 Pin=CNT2-8
Added Net: Name=NetC9_2
Added Pin To Net: NetName=NetC10_1 Pin=C10-1
Added Pin To Net: NetName=NetC10_1 Pin=CNT2-16
Added Net: Name=NetC10_1
Added Pin To Net: NetName=NetC11_1 Pin=C11-1
Added Pin To Net: NetName=NetC11_1 Pin=LEDDRV1-16
Added Net: Name=NetC11_1
Added Pin To Net: NetName=NetC12_2 Pin=C12-2
Added Pin To Net: NetName=NetC12_2 Pin=LEDDRV1-8
Added Net: Name=NetC12_2
Added Pin To Net: NetName=NetC13_1 Pin=C13-1
Added Pin To Net: NetName=NetC13_1 Pin=U3-14
Added Net: Name=NetC13_1
Added Pin To Net: NetName=NetC14_2 Pin=C14-2
Added Pin To Net: NetName=NetC14_2 Pin=U3-7
Added Net: Name=NetC14_2
Added Pin To Net: NetName=NetC15_1 Pin=C15-1
Added Pin To Net: NetName=NetC15_1 Pin=U4-14
Added Net: Name=NetC15_1
Added Pin To Net: NetName=NetC16_2 Pin=C16-2
Added Pin To Net: NetName=NetC16_2 Pin=U4-7
Added Net: Name=NetC16_2
Added Pin To Net: NetName=NetC17_1 Pin=C17-1
Added Pin To Net: NetName=NetC17_1 Pin=DSDRV2-16
Added Net: Name=NetC17_1
Added Pin To Net: NetName=NetC18_2 Pin=C18-2
Added Pin To Net: NetName=NetC18_2 Pin=DSDRV2-8
Added Net: Name=NetC18_2
Added Pin To Net: NetName=NetC22_2 Pin=C22-2
Added Pin To Net: NetName=NetC22_2 Pin=SC1-18
Added Net: Name=NetC22_2
Added Pin To Net: NetName=NetC23_2 Pin=C23-2
Added Pin To Net: NetName=NetC23_2 Pin=R35-2
Added Pin To Net: NetName=NetC23_2 Pin=SC1-7
Added Net: Name=NetC23_2
Added Pin To Net: NetName=NetC25_1 Pin=C25-1
Added Pin To Net: NetName=NetC25_1 Pin=OP1--4
Added Net: Name=NetC25_1
Added Pin To Net: NetName=NetC26_2 Pin=C26-2
Added Pin To Net: NetName=NetC26_2 Pin=OP1--11
Added Net: Name=NetC26_2
Added Pin To Net: NetName=NetC33_2 Pin=C33-2
Added Pin To Net: NetName=NetC33_2 Pin=IA-7
Added Net: Name=NetC33_2
Added Pin To Net: NetName=NetC34_1 Pin=C34-1
Added Pin To Net: NetName=NetC34_1 Pin=IA-4
Added Net: Name=NetC34_1
Added Pin To Net: NetName=NetC35_2 Pin=C35-2
Added Pin To Net: NetName=NetC35_2 Pin=IA-5
Added Net: Name=NetC35_2
Added Pin To Net: NetName=NetCNT2_2 Pin=CNT2-2
Added Pin To Net: NetName=NetCNT2_2 Pin=U3-5
Added Net: Name=NetCNT2_2
Added Pin To Net: NetName=NetCNT2_3 Pin=CNT2-3
Added Pin To Net: NetName=NetCNT2_3 Pin=U3-2
Added Net: Name=NetCNT2_3
Added Pin To Net: NetName=NetCNT2_4 Pin=CNT2-4
Added Pin To Net: NetName=NetCNT2_4 Pin=FF2--8
Added Pin To Net: NetName=NetCNT2_4 Pin=FF2--13
Added Net: Name=NetCNT2_4
Added Pin To Net: NetName=NetCNT2_5 Pin=CNT2-5
Added Pin To Net: NetName=NetCNT2_5 Pin=FF2--1
Added Pin To Net: NetName=NetCNT2_5 Pin=FF2--6
Added Net: Name=NetCNT2_5
Added Pin To Net: NetName=NetCNT2_6 Pin=CNT2-6
Added Pin To Net: NetName=NetCNT2_6 Pin=CNT2-14
Added Net: Name=NetCNT2_6
Added Pin To Net: NetName=NetCNT2_11 Pin=CNT2-11
Added Pin To Net: NetName=NetCNT2_11 Pin=CNT2-13
Added Net: Name=NetCNT2_11
Added Pin To Net: NetName=NetDSDRV2_9 Pin=DSDRV2-9
Added Pin To Net: NetName=NetDSDRV2_9 Pin=R56-1
Added Net: Name=NetDSDRV2_9
Added Pin To Net: NetName=NetDSDRV2_10 Pin=DSDRV2-10
Added Pin To Net: NetName=NetDSDRV2_10 Pin=R55-1
Added Net: Name=NetDSDRV2_10
Added Pin To Net: NetName=NetDSDRV2_11 Pin=DSDRV2-11
Added Pin To Net: NetName=NetDSDRV2_11 Pin=R54-1
Added Net: Name=NetDSDRV2_11
Added Pin To Net: NetName=NetDSDRV2_12 Pin=DSDRV2-12
Added Pin To Net: NetName=NetDSDRV2_12 Pin=R53-1
Added Net: Name=NetDSDRV2_12
Added Pin To Net: NetName=NetDSDRV2_13 Pin=DSDRV2-13
Added Pin To Net: NetName=NetDSDRV2_13 Pin=R52-1
Added Net: Name=NetDSDRV2_13
Added Pin To Net: NetName=NetDSDRV2_14 Pin=DSDRV2-14
Added Pin To Net: NetName=NetDSDRV2_14 Pin=R58-1
Added Net: Name=NetDSDRV2_14
Added Pin To Net: NetName=NetDSDRV2_15 Pin=DSDRV2-15
Added Pin To Net: NetName=NetDSDRV2_15 Pin=R57-1
Added Net: Name=NetDSDRV2_15
Added Pin To Net: NetName=NetFF2-_3 Pin=FF2--3
Added Pin To Net: NetName=NetFF2-_3 Pin=NAND2--3
Added Pin To Net: NetName=NetFF2-_3 Pin=NAND2--4
Added Net: Name=NetFF2-_3
Added Pin To Net: NetName=NetFF2-_11 Pin=FF2--11
Added Pin To Net: NetName=NetFF2-_11 Pin=NAND2--8
Added Pin To Net: NetName=NetFF2-_11 Pin=NAND2--12
Added Net: Name=NetFF2-_11
Added Pin To Net: NetName=NetGRT-E/D_1 Pin=GRT-E/D-1
Added Pin To Net: NetName=NetGRT-E/D_1 Pin=U3-9
Added Net: Name=NetGRT-E/D_1
Added Pin To Net: NetName=NetGRT-SCALE_1 Pin=GRT-SCALE-1
Added Pin To Net: NetName=NetGRT-SCALE_1 Pin=U3-12
Added Net: Name=NetGRT-SCALE_1
Added Pin To Net: NetName=NetIA_1 Pin=IA-1
Added Pin To Net: NetName=NetIA_1 Pin=R34-2
Added Net: Name=NetIA_1
Added Pin To Net: NetName=NetIA_6 Pin=IA-6
Added Pin To Net: NetName=NetIA_6 Pin=R29-1
Added Pin To Net: NetName=NetIA_6 Pin=SC1-4
Added Pin To Net: NetName=NetIA_6 Pin=SC1-6
Added Net: Name=NetIA_6
Added Pin To Net: NetName=NetIA_8 Pin=IA-8
Added Pin To Net: NetName=NetIA_8 Pin=R34-1
Added Net: Name=NetIA_8
Added Pin To Net: NetName=NetL5_1 Pin=L5-1
Added Pin To Net: NetName=NetL5_1 Pin=L6-2
Added Pin To Net: NetName=NetL5_1 Pin=R9-2
Added Net: Name=NetL5_1
Added Pin To Net: NetName=NetL5_2 Pin=L5-2
Added Pin To Net: NetName=NetL5_2 Pin=R10-1
Added Net: Name=NetL5_2
Added Pin To Net: NetName=NetL6_1 Pin=L6-1
Added Pin To Net: NetName=NetL6_1 Pin=LEDDRV1-6
Added Pin To Net: NetName=NetL6_1 Pin=R10-2
Added Net: Name=NetL6_1
Added Pin To Net: NetName=NetL7_1 Pin=L7-1
Added Pin To Net: NetName=NetL7_1 Pin=L8-2
Added Pin To Net: NetName=NetL7_1 Pin=R11-2
Added Net: Name=NetL7_1
Added Pin To Net: NetName=NetL7_2 Pin=L7-2
Added Pin To Net: NetName=NetL7_2 Pin=R12-1
Added Net: Name=NetL7_2
Added Pin To Net: NetName=NetL8_1 Pin=L8-1
Added Pin To Net: NetName=NetL8_1 Pin=LEDDRV1-2
Added Pin To Net: NetName=NetL8_1 Pin=R12-2
Added Net: Name=NetL8_1
Added Pin To Net: NetName=NetLEDDRV1_3 Pin=LEDDRV1-3
Added Pin To Net: NetName=NetLEDDRV1_3 Pin=R11-1
Added Net: Name=NetLEDDRV1_3
Added Pin To Net: NetName=NetLEDDRV1_5 Pin=LEDDRV1-5
Added Pin To Net: NetName=NetLEDDRV1_5 Pin=R9-1
Added Net: Name=NetLEDDRV1_5
Added Pin To Net: NetName=NetNAND2-_1 Pin=NAND2--1
Added Pin To Net: NetName=NetNAND2-_1 Pin=R13-1
Added Pin To Net: NetName=NetNAND2-_1 Pin=SW-PB3-2
Added Net: Name=NetNAND2-_1
Added Pin To Net: NetName=NetNAND2-_2 Pin=NAND2--2
Added Pin To Net: NetName=NetNAND2-_2 Pin=NAND2--6
Added Net: Name=NetNAND2-_2
Added Pin To Net: NetName=NetNAND2-_5 Pin=NAND2--5
Added Pin To Net: NetName=NetNAND2-_5 Pin=R14-2
Added Pin To Net: NetName=NetNAND2-_5 Pin=SW-PB3-3
Added Net: Name=NetNAND2-_5
Added Pin To Net: NetName=NetNAND2-_9 Pin=NAND2--9
Added Pin To Net: NetName=NetNAND2-_9 Pin=R15-1
Added Pin To Net: NetName=NetNAND2-_9 Pin=SW-PB4-2
Added Net: Name=NetNAND2-_9
Added Pin To Net: NetName=NetNAND2-_10 Pin=NAND2--10
Added Pin To Net: NetName=NetNAND2-_10 Pin=NAND2--11
Added Net: Name=NetNAND2-_10
Added Pin To Net: NetName=NetNAND2-_13 Pin=NAND2--13
Added Pin To Net: NetName=NetNAND2-_13 Pin=R16-2
Added Pin To Net: NetName=NetNAND2-_13 Pin=SW-PB4-3
Added Net: Name=NetNAND2-_13
Added Pin To Net: NetName=NetOP1-_2 Pin=OP1--2
Added Pin To Net: NetName=NetOP1-_2 Pin=R30-2
Added Pin To Net: NetName=NetOP1-_2 Pin=R31-1
Added Net: Name=NetOP1-_2
Added Pin To Net: NetName=NetOP1-_6 Pin=OP1--6
Added Pin To Net: NetName=NetOP1-_6 Pin=R32-2
Added Pin To Net: NetName=NetOP1-_6 Pin=R33-1
Added Net: Name=NetOP1-_6
Added Pin To Net: NetName=NetOP1-_13 Pin=OP1--13
Added Pin To Net: NetName=NetOP1-_13 Pin=R41-1
Added Pin To Net: NetName=NetOP1-_13 Pin=R42-2
Added Net: Name=NetOP1-_13
Added Pin To Net: NetName=NetR29_2 Pin=R29-2
Added Pin To Net: NetName=NetR29_2 Pin=R30-1
Added Pin To Net: NetName=NetR29_2 Pin=SC1-14
Added Pin To Net: NetName=NetR29_2 Pin=SC1-15
Added Net: Name=NetR29_2
Added Pin To Net: NetName=NetR35_1 Pin=R35-1
Added Pin To Net: NetName=NetR35_1 Pin=SC1-11
Added Net: Name=NetR35_1
Added Pin To Net: NetName=NetR36_1 Pin=R36-1
Added Pin To Net: NetName=NetR36_1 Pin=SC1-3
Added Net: Name=NetR36_1
Added Pin To Net: NetName=NetR36_2 Pin=R36-2
Added Pin To Net: NetName=NetR36_2 Pin=R39-2
Added Pin To Net: NetName=NetR36_2 Pin=SC1-1
Added Net: Name=NetR36_2
Added Pin To Net: NetName=NetR37_1 Pin=R37-1
Added Pin To Net: NetName=NetR37_1 Pin=SC1-5
Added Net: Name=NetR37_1
Added Pin To Net: NetName=TO ADC Pin=OP1--14
Added Pin To Net: NetName=TO ADC Pin=R42-1
Added Net: Name=TO ADC
Added Pin To Net: NetName=VCC Pin=FF2--14
Added Pin To Net: NetName=VCC Pin=NAND2--14
Added Net: Name=VCC
