Removed Pin From Net: NetName=-5V Pin=C3-2
Removed Pin From Net: NetName=-5V Pin=C4-1
Removed Pin From Net: NetName=-5V Pin=C5-1
Removed Pin From Net: NetName=-5V Pin=C6-2
Removed Pin From Net: NetName=+5V Pin=C7-1
Removed Pin From Net: NetName=-5V Pin=C9-1
Removed Pin From Net: NetName=+5V Pin=C10-2
Removed Pin From Net: NetName=+5V Pin=C14-1
Added Pin To Net: NetName=-5V Pin=2-4MULTI1-7
Added Pin To Net: NetName=-5V Pin=2-4MULTI2-7
Added Pin To Net: NetName=-5V Pin=3-2MULTI1-7
Added Pin To Net: NetName=-5V Pin=C3-1
Added Pin To Net: NetName=GND Pin=C3-2
Added Pin To Net: NetName=GND Pin=C4-1
Added Pin To Net: NetName=-5V Pin=C4-2
Added Pin To Net: NetName=GND Pin=C5-1
Added Pin To Net: NetName=-5V Pin=C5-2
Added Pin To Net: NetName=-5V Pin=C6-1
Added Pin To Net: NetName=GND Pin=C6-2
Added Pin To Net: NetName=GND Pin=C7-1
Added Pin To Net: NetName=+5V Pin=C7-2
Added Pin To Net: NetName=GND Pin=C9-1
Added Pin To Net: NetName=-5V Pin=C9-2
Added Pin To Net: NetName=+5V Pin=C10-1
Added Pin To Net: NetName=GND Pin=C10-2
Added Pin To Net: NetName=GND Pin=C14-1
Added Pin To Net: NetName=+5V Pin=C14-2
Added Pin To Net: NetName=VCC Pin=FF2--14
Added Pin To Net: NetName=-5V Pin=IA-4
Added Pin To Net: NetName=+5V Pin=IA-7
Added Pin To Net: NetName=+5V Pin=OP1--4
Added Pin To Net: NetName=-5V Pin=OP1--11
Added Pin To Net: NetName=+5V Pin=SC1-18
Added Class: Name=4ch GRT reader
Added Room: Name=4ch GRT reader
