Change Component Footprint: Designator=L7 Old Footprint=DSO-F2/D6.1 New Footprint=MHDR1X2
Change Component Footprint: Designator=C10 Old Footprint=RAD-0.3 New Footprint=C3216-1206
Added Component: Designator=JP1(MHDR2X17)
Change Net Name : Old Net Name=TO ADC New Net Name=GRT OUT
Added Pin To Net: NetName=DIO4 Pin=JP1-32
Added Pin To Net: NetName=DIO4 Pin=U4-2
Added Net: Name=DIO4
Added Pin To Net: NetName=DIO5 Pin=JP1-31
Added Pin To Net: NetName=DIO5 Pin=U4-5
Added Net: Name=DIO5
Added Pin To Net: NetName=DIO6 Pin=JP1-34
Added Pin To Net: NetName=DIO6 Pin=U4-9
Added Net: Name=DIO6
Added Pin To Net: NetName=DIO7 Pin=JP1-33
Added Pin To Net: NetName=DIO7 Pin=U4-12
Added Net: Name=DIO7
Added Pin To Net: NetName=Net2-4MULTI1_1 Pin=2-4MULTI1-1
Added Pin To Net: NetName=Net2-4MULTI1_1 Pin=JP1-4
Added Net: Name=Net2-4MULTI1_1
Added Pin To Net: NetName=Net2-4MULTI1_2 Pin=2-4MULTI1-2
Added Pin To Net: NetName=Net2-4MULTI1_2 Pin=JP1-12
Added Net: Name=Net2-4MULTI1_2
Added Pin To Net: NetName=Net2-4MULTI1_4 Pin=2-4MULTI1-4
Added Pin To Net: NetName=Net2-4MULTI1_4 Pin=JP1-16
Added Net: Name=Net2-4MULTI1_4
Added Pin To Net: NetName=Net2-4MULTI1_5 Pin=2-4MULTI1-5
Added Pin To Net: NetName=Net2-4MULTI1_5 Pin=JP1-8
Added Net: Name=Net2-4MULTI1_5
Added Pin To Net: NetName=Net2-4MULTI1_11 Pin=2-4MULTI1-11
Added Pin To Net: NetName=Net2-4MULTI1_11 Pin=JP1-14
Added Net: Name=Net2-4MULTI1_11
Added Pin To Net: NetName=Net2-4MULTI1_12 Pin=2-4MULTI1-12
Added Pin To Net: NetName=Net2-4MULTI1_12 Pin=JP1-2
Added Net: Name=Net2-4MULTI1_12
Added Pin To Net: NetName=Net2-4MULTI1_14 Pin=2-4MULTI1-14
Added Pin To Net: NetName=Net2-4MULTI1_14 Pin=JP1-6
Added Net: Name=Net2-4MULTI1_14
Added Pin To Net: NetName=Net2-4MULTI1_15 Pin=2-4MULTI1-15
Added Pin To Net: NetName=Net2-4MULTI1_15 Pin=JP1-10
Added Net: Name=Net2-4MULTI1_15
Added Pin To Net: NetName=Net2-4MULTI2_1 Pin=2-4MULTI2-1
Added Pin To Net: NetName=Net2-4MULTI2_1 Pin=JP1-3
Added Net: Name=Net2-4MULTI2_1
Added Pin To Net: NetName=Net2-4MULTI2_2 Pin=2-4MULTI2-2
Added Pin To Net: NetName=Net2-4MULTI2_2 Pin=JP1-11
Added Net: Name=Net2-4MULTI2_2
Added Pin To Net: NetName=Net2-4MULTI2_4 Pin=2-4MULTI2-4
Added Pin To Net: NetName=Net2-4MULTI2_4 Pin=JP1-15
Added Net: Name=Net2-4MULTI2_4
Added Pin To Net: NetName=Net2-4MULTI2_5 Pin=2-4MULTI2-5
Added Pin To Net: NetName=Net2-4MULTI2_5 Pin=JP1-7
Added Net: Name=Net2-4MULTI2_5
Added Pin To Net: NetName=Net2-4MULTI2_11 Pin=2-4MULTI2-11
Added Pin To Net: NetName=Net2-4MULTI2_11 Pin=JP1-13
Added Net: Name=Net2-4MULTI2_11
Added Pin To Net: NetName=Net2-4MULTI2_12 Pin=2-4MULTI2-12
Added Pin To Net: NetName=Net2-4MULTI2_12 Pin=JP1-1
Added Net: Name=Net2-4MULTI2_12
Added Pin To Net: NetName=Net2-4MULTI2_14 Pin=2-4MULTI2-14
Added Pin To Net: NetName=Net2-4MULTI2_14 Pin=JP1-5
Added Net: Name=Net2-4MULTI2_14
Added Pin To Net: NetName=Net2-4MULTI2_15 Pin=2-4MULTI2-15
Added Pin To Net: NetName=Net2-4MULTI2_15 Pin=JP1-9
Added Net: Name=Net2-4MULTI2_15
Added Pin To Net: NetName=GND Pin=FF2--7
Added Pin To Net: NetName=NetC8_2 Pin=FF2--14
Added Pin To Net: NetName=GND Pin=NAND2--7
Added Pin To Net: NetName=NetC6_2 Pin=NAND2--14
