Removed Pin From Net: NetName=GND Pin=C5-1
Removed Pin From Net: NetName=+5V Pin=C6-1
Removed Pin From Net: NetName=NetC6_2 Pin=C6-2
Removed Pin From Net: NetName=GND Pin=C7-1
Removed Pin From Net: NetName=+5V Pin=C8-1
Removed Pin From Net: NetName=GND Pin=C9-1
Removed Pin From Net: NetName=+5V Pin=C10-2
Removed Pin From Net: NetName=+5V Pin=C11-2
Removed Pin From Net: NetName=GND Pin=C12-1
Removed Pin From Net: NetName=+5V Pin=C13-2
Removed Pin From Net: NetName=GND Pin=C14-1
Removed Pin From Net: NetName=+5V Pin=C15-2
Removed Pin From Net: NetName=GND Pin=C16-1
Removed Pin From Net: NetName=+5V Pin=C17-2
Removed Pin From Net: NetName=GND Pin=C18-1
Removed Pin From Net: NetName=+5V Pin=C19-2
Removed Pin From Net: NetName=GND Pin=C21-2
Removed Pin From Net: NetName=+5V Pin=C27-1
Removed Pin From Net: NetName=GND Pin=C29-2
Removed Pin From Net: NetName=+5V Pin=C30-1
Removed Pin From Net: NetName=GND Pin=C32-2
Removed Pin From Net: NetName=GND Pin=C35-1
Removed Pin From Net: NetName=L/R LINE Pin=JP1-28
Removed Pin From Net: NetName=DIO5 Pin=JP1-31
Removed Pin From Net: NetName=DIO4 Pin=JP1-32
Removed Pin From Net: NetName=DIO7 Pin=JP1-33
Removed Pin From Net: NetName=DIO6 Pin=JP1-34
Change Component Designator: OldDesignator=C1 NewDesignator=C15
Change Component Designator: OldDesignator=C2 NewDesignator=C12
Change Component Designator: OldDesignator=C3 NewDesignator=C13
Change Component Designator: OldDesignator=C4 NewDesignator=C11
Change Component Designator: OldDesignator=C20 NewDesignator=C3
Change Component Designator: OldDesignator=C22 NewDesignator=C14
Change Component Designator: OldDesignator=C23 NewDesignator=C16
Change Component Designator: OldDesignator=C25 NewDesignator=C10
Change Component Designator: OldDesignator=C26 NewDesignator=C9
Change Component Designator: OldDesignator=C28 NewDesignator=C4
Change Component Designator: OldDesignator=C31 NewDesignator=C5
Change Component Designator: OldDesignator=C33 NewDesignator=C7
Change Component Designator: OldDesignator=C34 NewDesignator=C6
Change Component Designator: OldDesignator=C36 NewDesignator=C1
Change Component Designator: OldDesignator=C37 NewDesignator=C2
Change Net Name : Old Net Name=NetC1_2 New Net Name=NetC15_2
Change Net Name : Old Net Name=NetC2_2 New Net Name=NetC12_2
Change Net Name : Old Net Name=NetC3_1 New Net Name=NetC13_1
Change Net Name : Old Net Name=NetC4_1 New Net Name=NetC11_1
Change Net Name : Old Net Name=NetC4_2 New Net Name=NetC11_2
Change Net Name : Old Net Name=NetC6_2 New Net Name=VCC
Change Net Name : Old Net Name=NetC22_2 New Net Name=NetC14_2
Change Net Name : Old Net Name=NetC23_2 New Net Name=NetC16_2
Change Net Name : Old Net Name=NetC25_1 New Net Name=NetC10_1
Change Net Name : Old Net Name=NetC26_2 New Net Name=NetC9_2
Change Net Name : Old Net Name=NetC33_2 New Net Name=NetC7_2
Change Net Name : Old Net Name=NetC34_1 New Net Name=NetC6_1
Added Pin To Net: NetName=GND Pin=2-4MULTI1-8
Added Pin To Net: NetName=+5V Pin=2-4MULTI1-16
Added Pin To Net: NetName=GND Pin=2-4MULTI2-8
Added Pin To Net: NetName=+5V Pin=2-4MULTI2-16
Added Pin To Net: NetName=GND Pin=3-2MULTI1-8
Added Pin To Net: NetName=+5V Pin=3-2MULTI1-16
Added Pin To Net: NetName=GND Pin=CNT2-8
Added Pin To Net: NetName=+5V Pin=CNT2-16
Added Pin To Net: NetName=GND Pin=DSDRV2-8
Added Pin To Net: NetName=+5V Pin=DSDRV2-16
Added Pin To Net: NetName=GND Pin=IA-5
Added Pin To Net: NetName=L/R LINE Pin=JP1-26
Added Pin To Net: NetName=GND Pin=LEDDRV1-8
Added Pin To Net: NetName=+5V Pin=LEDDRV1-16
Added Pin To Net: NetName=GND Pin=U3-7
Added Pin To Net: NetName=+5V Pin=U3-14
Added Pin To Net: NetName=GND Pin=U4-7
Added Pin To Net: NetName=+5V Pin=U4-14
