Change Component Footprint: Designator=C10 Old Footprint=C3216-1206 New Footprint=RAD-0.1
Change Component Footprint: Designator=L8 Old Footprint=DSO-F2/D6.1 New Footprint=HDR1X2
Change Component Footprint: Designator=L6 Old Footprint=DSO-F2/D6.1 New Footprint=HDR1X2
Change Component Footprint: Designator=L5 Old Footprint=DSO-F2/D6.1 New Footprint=HDR1X2
Change Component Footprint: Designator=L7 Old Footprint=MHDR1X2 New Footprint=HDR1X2
Change Component Footprint: Designator=C26 Old Footprint=RAD-0.3 New Footprint=RAD-0.1
Change Component Footprint: Designator=C25 Old Footprint=RAD-0.3 New Footprint=RAD-0.1
Change Component Footprint: Designator=C23 Old Footprint=RAD-0.3 New Footprint=RAD-0.1
Change Component Footprint: Designator=C22 Old Footprint=RAD-0.3 New Footprint=RAD-0.1
Change Component Footprint: Designator=C21 Old Footprint=RAD-0.3 New Footprint=RAD-0.1
Change Component Footprint: Designator=C20 Old Footprint=RAD-0.3 New Footprint=RAD-0.1
Change Component Footprint: Designator=C19 Old Footprint=RAD-0.3 New Footprint=RAD-0.1
Change Component Footprint: Designator=C18 Old Footprint=RAD-0.3 New Footprint=RAD-0.1
Change Component Footprint: Designator=C17 Old Footprint=RAD-0.3 New Footprint=RAD-0.1
Change Component Footprint: Designator=C16 Old Footprint=RAD-0.3 New Footprint=RAD-0.1
Change Component Footprint: Designator=C15 Old Footprint=RAD-0.3 New Footprint=RAD-0.1
Change Component Footprint: Designator=C14 Old Footprint=RAD-0.3 New Footprint=RAD-0.1
Change Component Footprint: Designator=C13 Old Footprint=RAD-0.3 New Footprint=RAD-0.1
Change Component Footprint: Designator=C12 Old Footprint=RAD-0.3 New Footprint=RAD-0.1
Change Component Footprint: Designator=C11 Old Footprint=RAD-0.3 New Footprint=RAD-0.1
Change Component Footprint: Designator=C9 Old Footprint=RAD-0.3 New Footprint=RAD-0.1
Change Component Footprint: Designator=C8 Old Footprint=RAD-0.3 New Footprint=RAD-0.1
Change Component Footprint: Designator=C7 Old Footprint=RAD-0.3 New Footprint=RAD-0.1
Change Component Footprint: Designator=C6 Old Footprint=RAD-0.3 New Footprint=RAD-0.1
Change Component Footprint: Designator=C5 Old Footprint=RAD-0.3 New Footprint=RAD-0.1
Change Component Footprint: Designator=C4 Old Footprint=RAD-0.3 New Footprint=RAD-0.1
Change Component Footprint: Designator=C3 Old Footprint=RAD-0.3 New Footprint=RAD-0.1
Change Component Footprint: Designator=C2 Old Footprint=RAD-0.3 New Footprint=RAD-0.1
Change Component Footprint: Designator=C1 Old Footprint=RAD-0.3 New Footprint=RAD-0.1
Added Pin To Net: NetName=GND Pin=FF2--7
Added Pin To Net: NetName=NetC8_2 Pin=FF2--14
Added Pin To Net: NetName=GND Pin=NAND2--7
Added Pin To Net: NetName=NetC6_2 Pin=NAND2--14
